2025-01-17 10:10:26,595 - auth_token - INFO - Validating token: eyJhbGciOiJIUzI1NiIsInR5cCI6IkpXVCJ9.eyJlbWFpbCI6Im5hbmRoYWt1bWFyc2VsdmEyMDAwQGdtYWlsLmNvbSIsInJvbGUiOiJ1c2VyIiwiZXhwIjoxNzM3MDM2NDQxfQ.mCUE3pnCz7KgKTMADh_zKtP92rSVBr9MUYgGIHgPGg4
2025-01-17 10:10:26,595 - auth_token - ERROR - Token has expired
2025-01-17 10:12:25,382 - auth_token - INFO - Validating token: eyJhbGciOiJIUzI1NiIsInR5cCI6IkpXVCJ9.eyJlbWFpbCI6Im5hbmRoYWt1bWFyc2VsdmEyMDAwQGdtYWlsLmNvbSIsInJvbGUiOiJ1c2VyIiwiZXhwIjoxNzM3MDM2NDQxfQ.mCUE3pnCz7KgKTMADh_zKtP92rSVBr9MUYgGIHgPGg4
2025-01-17 10:12:25,382 - auth_token - ERROR - Token has expired
2025-01-17 10:13:54,136 - auth_token - INFO - .....creating new token .....
2025-01-17 10:13:54,136 - auth_token - INFO - paylaod ---- {'email': 'nandhakumarselva2000@gmail.com', 'role': <RoleEnum.user: 'user'>}
2025-01-17 10:16:34,699 - auth_token - INFO - .....creating new token .....
2025-01-17 10:16:34,699 - auth_token - INFO - paylaod ---- {'email': 'nandhakumarselva2000@gmail.com', 'role': <RoleEnum.user: 'user'>}
2025-01-17 10:16:36,334 - auth_token - INFO - .....creating new token .....
2025-01-17 10:16:36,334 - auth_token - INFO - paylaod ---- {'email': 'nandhakumarselva2000@gmail.com', 'role': <RoleEnum.user: 'user'>}
2025-01-17 10:17:30,089 - auth_token - INFO - .....creating new token .....
2025-01-17 10:17:30,090 - auth_token - INFO - paylaod ---- {'email': 'nandhakumarselva2000@gmail.com', 'role': <RoleEnum.user: 'user'>}
2025-01-17 10:17:57,228 - auth_token - INFO - .....creating new token .....
2025-01-17 10:17:57,229 - auth_token - INFO - paylaod ---- {'email': 'nandhakumarselva2000@gmail.com', 'role': <RoleEnum.user: 'user'>}
2025-01-17 10:18:24,138 - auth_token - INFO - .....creating new token .....
2025-01-17 10:18:24,138 - auth_token - INFO - paylaod ---- {'email': 'nandhakumarselva2000@gmail.com', 'role': <RoleEnum.user: 'user'>}
2025-01-17 10:19:39,120 - auth_token - INFO - .....creating new token .....
2025-01-17 10:19:39,121 - auth_token - INFO - paylaod ---- {'email': 'nandhakumarselva2000@gmail.com', 'role': <RoleEnum.user: 'user'>}
2025-01-17 10:19:49,439 - auth_token - INFO - .....creating new token .....
2025-01-17 10:19:49,439 - auth_token - INFO - paylaod ---- {'email': 'nandhakumarselva2000@gmail.com', 'role': <RoleEnum.user: 'user'>}
2025-01-17 10:23:07,873 - auth_token - INFO - .....creating new token .....
2025-01-17 10:23:07,873 - auth_token - INFO - paylaod ---- {'email': 'nandhakumarselva2000@gmail.com', 'role': <RoleEnum.user: 'user'>}
2025-01-17 10:23:23,368 - auth_token - INFO - .....creating new token .....
2025-01-17 10:23:23,368 - auth_token - INFO - paylaod ---- {'email': 'nandhakumarselva2000@gmail.com', 'role': <RoleEnum.user: 'user'>}
2025-01-17 10:24:12,650 - auth_token - INFO - .....creating new token .....
2025-01-17 10:24:12,650 - auth_token - INFO - paylaod ---- {'email': 'nandhakumarselva2000@gmail.com', 'role': <RoleEnum.user: 'user'>}
2025-01-17 10:26:25,726 - auth_token - INFO - .....creating new token .....
2025-01-17 10:26:25,726 - auth_token - INFO - paylaod ---- {'email': 'nandhakumarselva2000@gmail.com', 'role': <RoleEnum.user: 'user'>}
2025-01-17 10:26:46,103 - auth_token - INFO - .....creating new token .....
2025-01-17 10:26:46,103 - auth_token - INFO - paylaod ---- {'email': 'nandhakumarselva2000@gmail.com', 'role': <RoleEnum.user: 'user'>}
2025-01-17 10:27:39,184 - auth_token - INFO - .....creating new token .....
2025-01-17 10:27:39,185 - auth_token - INFO - paylaod ---- {'email': 'nandhakumarselva2000@gmail.com', 'role': <RoleEnum.user: 'user'>}
2025-01-17 10:28:23,789 - auth_token - INFO - .....creating new token .....
2025-01-17 10:28:23,790 - auth_token - INFO - paylaod ---- {'email': 'nandhakumarselva2000@gmail.com', 'role': <RoleEnum.user: 'user'>}
2025-01-17 10:29:09,267 - auth_token - INFO - .....creating new token .....
2025-01-17 10:29:09,267 - auth_token - INFO - paylaod ---- {'email': 'nandhakumarselva2000@gmail.com', 'role': <RoleEnum.user: 'user'>}
2025-01-17 10:29:23,236 - auth_token - INFO - .....creating new token .....
2025-01-17 10:29:23,237 - auth_token - INFO - paylaod ---- {'email': 'nandhakumarselva2000@gmail.com', 'role': <RoleEnum.user: 'user'>}
2025-01-17 10:30:25,493 - auth_token - INFO - .....creating new token .....
2025-01-17 10:30:25,493 - auth_token - INFO - paylaod ---- {'email': 'nandhakumarselva2000@gmail.com', 'role': <RoleEnum.user: 'user'>}
2025-01-17 10:32:15,385 - auth_token - INFO - .....creating new token .....
2025-01-17 10:32:15,385 - auth_token - INFO - paylaod ---- {'email': 'nandhakumarselva2000@gmail.com', 'role': <RoleEnum.user: 'user'>}
2025-01-17 10:32:26,096 - auth_token - INFO - .....creating new token .....
2025-01-17 10:32:26,097 - auth_token - INFO - paylaod ---- {'email': 'nandhakumarselva2000@gmail.com', 'role': <RoleEnum.user: 'user'>}
2025-01-17 10:32:52,660 - auth_token - INFO - .....creating new token .....
2025-01-17 10:32:52,660 - auth_token - INFO - paylaod ---- {'email': 'nandhakumarselva2000@gmail.com', 'role': <RoleEnum.user: 'user'>}
2025-01-17 11:09:27,237 - auth_token - INFO - .....creating new token .....
2025-01-17 11:09:27,238 - auth_token - INFO - paylaod ---- {'email': 'nandhakumarselva2000@gmail.com', 'role': <RoleEnum.user: 'user'>}
2025-01-17 11:10:35,643 - auth_token - INFO - Validating token: eyJhbGciOiJIUzI1NiIsInR5cCI6IkpXVCJ9.eyJlbWFpbCI6Im5hbmRoYWt1bWFyc2VsdmEyMDAwQGdtYWlsLmNvbSIsInJvbGUiOiJ1c2VyIiwiZXhwIjoxNzM3MDkyNjY3fQ.peywbJIGAODxVooyuUmZEmwXpLhns5XJnIvaETTJ22A
2025-01-17 11:10:35,643 - auth_token - INFO - Decoded token: {'email': 'nandhakumarselva2000@gmail.com', 'role': 'user', 'exp': 1737092667}
2025-01-17 11:10:35,645 - auth_token - INFO - Validating token: eyJhbGciOiJIUzI1NiIsInR5cCI6IkpXVCJ9.eyJlbWFpbCI6Im5hbmRoYWt1bWFyc2VsdmEyMDAwQGdtYWlsLmNvbSIsInJvbGUiOiJ1c2VyIiwiZXhwIjoxNzM3MDkyNjY3fQ.peywbJIGAODxVooyuUmZEmwXpLhns5XJnIvaETTJ22A
2025-01-17 11:10:35,645 - auth_token - INFO - Decoded token: {'email': 'nandhakumarselva2000@gmail.com', 'role': 'user', 'exp': 1737092667}
2025-01-17 11:10:40,350 - auth_token - INFO - Validating token: eyJhbGciOiJIUzI1NiIsInR5cCI6IkpXVCJ9.eyJlbWFpbCI6Im5hbmRoYWt1bWFyc2VsdmEyMDAwQGdtYWlsLmNvbSIsInJvbGUiOiJ1c2VyIiwiZXhwIjoxNzM3MDkyNjY3fQ.peywbJIGAODxVooyuUmZEmwXpLhns5XJnIvaETTJ22A
2025-01-17 11:10:40,350 - auth_token - INFO - Decoded token: {'email': 'nandhakumarselva2000@gmail.com', 'role': 'user', 'exp': 1737092667}
2025-01-17 11:10:40,351 - auth_token - INFO - Validating token: eyJhbGciOiJIUzI1NiIsInR5cCI6IkpXVCJ9.eyJlbWFpbCI6Im5hbmRoYWt1bWFyc2VsdmEyMDAwQGdtYWlsLmNvbSIsInJvbGUiOiJ1c2VyIiwiZXhwIjoxNzM3MDkyNjY3fQ.peywbJIGAODxVooyuUmZEmwXpLhns5XJnIvaETTJ22A
2025-01-17 11:10:40,351 - auth_token - INFO - Decoded token: {'email': 'nandhakumarselva2000@gmail.com', 'role': 'user', 'exp': 1737092667}
2025-01-17 11:10:41,628 - auth_token - INFO - Validating token: eyJhbGciOiJIUzI1NiIsInR5cCI6IkpXVCJ9.eyJlbWFpbCI6Im5hbmRoYWt1bWFyc2VsdmEyMDAwQGdtYWlsLmNvbSIsInJvbGUiOiJ1c2VyIiwiZXhwIjoxNzM3MDkyNjY3fQ.peywbJIGAODxVooyuUmZEmwXpLhns5XJnIvaETTJ22A
2025-01-17 11:10:41,628 - auth_token - INFO - Decoded token: {'email': 'nandhakumarselva2000@gmail.com', 'role': 'user', 'exp': 1737092667}
2025-01-17 11:10:41,629 - auth_token - INFO - Validating token: eyJhbGciOiJIUzI1NiIsInR5cCI6IkpXVCJ9.eyJlbWFpbCI6Im5hbmRoYWt1bWFyc2VsdmEyMDAwQGdtYWlsLmNvbSIsInJvbGUiOiJ1c2VyIiwiZXhwIjoxNzM3MDkyNjY3fQ.peywbJIGAODxVooyuUmZEmwXpLhns5XJnIvaETTJ22A
2025-01-17 11:10:41,630 - auth_token - INFO - Decoded token: {'email': 'nandhakumarselva2000@gmail.com', 'role': 'user', 'exp': 1737092667}
2025-01-17 11:11:45,127 - auth_token - INFO - Validating token: eyJhbGciOiJIUzI1NiIsInR5cCI6IkpXVCJ9.eyJlbWFpbCI6Im5hbmRoYWt1bWFyc2VsdmEyMDAwQGdtYWlsLmNvbSIsInJvbGUiOiJ1c2VyIiwiZXhwIjoxNzM3MDkyNjY3fQ.peywbJIGAODxVooyuUmZEmwXpLhns5XJnIvaETTJ22A
2025-01-17 11:11:45,128 - auth_token - INFO - Decoded token: {'email': 'nandhakumarselva2000@gmail.com', 'role': 'user', 'exp': 1737092667}
2025-01-17 11:11:45,131 - auth_token - INFO - Validating token: eyJhbGciOiJIUzI1NiIsInR5cCI6IkpXVCJ9.eyJlbWFpbCI6Im5hbmRoYWt1bWFyc2VsdmEyMDAwQGdtYWlsLmNvbSIsInJvbGUiOiJ1c2VyIiwiZXhwIjoxNzM3MDkyNjY3fQ.peywbJIGAODxVooyuUmZEmwXpLhns5XJnIvaETTJ22A
2025-01-17 11:11:45,132 - auth_token - INFO - Decoded token: {'email': 'nandhakumarselva2000@gmail.com', 'role': 'user', 'exp': 1737092667}
2025-01-17 11:14:39,830 - auth_token - INFO - Validating token: eyJhbGciOiJIUzI1NiIsInR5cCI6IkpXVCJ9.eyJlbWFpbCI6Im5hbmRoYWt1bWFyc2VsdmEyMDAwQGdtYWlsLmNvbSIsInJvbGUiOiJ1c2VyIiwiZXhwIjoxNzM3MDkyNjY3fQ.peywbJIGAODxVooyuUmZEmwXpLhns5XJnIvaETTJ22A
2025-01-17 11:14:39,830 - auth_token - ERROR - Token has expired
2025-01-17 11:15:47,049 - auth_token - INFO - Validating token: eyJhbGciOiJIUzI1NiIsInR5cCI6IkpXVCJ9.eyJlbWFpbCI6Im5hbmRoYWt1bWFyc2VsdmEyMDAwQGdtYWlsLmNvbSIsInJvbGUiOiJ1c2VyIiwiZXhwIjoxNzM3MDkyNjY3fQ.peywbJIGAODxVooyuUmZEmwXpLhns5XJnIvaETTJ22A
2025-01-17 11:15:47,049 - auth_token - ERROR - Token has expired
2025-01-17 11:16:51,852 - auth_token - INFO - Validating token: eyJhbGciOiJIUzI1NiIsInR5cCI6IkpXVCJ9.eyJlbWFpbCI6Im5hbmRoYWt1bWFyc2VsdmEyMDAwQGdtYWlsLmNvbSIsInJvbGUiOiJ1c2VyIiwiZXhwIjoxNzM3MDkyNjY3fQ.peywbJIGAODxVooyuUmZEmwXpLhns5XJnIvaETTJ22A
2025-01-17 11:16:51,852 - auth_token - ERROR - Token has expired
2025-01-17 11:17:26,142 - auth_token - INFO - .....creating new token .....
2025-01-17 11:17:26,142 - auth_token - INFO - paylaod ---- {'email': 'nandhakumarselva2000@gmail.com', 'role': <RoleEnum.user: 'user'>}
2025-01-17 11:17:54,297 - auth_token - INFO - Validating token: eyJhbGciOiJIUzI1NiIsInR5cCI6IkpXVCJ9.eyJlbWFpbCI6Im5hbmRoYWt1bWFyc2VsdmEyMDAwQGdtYWlsLmNvbSIsInJvbGUiOiJ1c2VyIiwiZXhwIjoxNzM3MDkzMTQ2fQ.H2hRVaMB7bFwfpl7_adfN6oNlg0C7aaNxqdAcGxYFGw
2025-01-17 11:17:54,298 - auth_token - INFO - Decoded token: {'email': 'nandhakumarselva2000@gmail.com', 'role': 'user', 'exp': 1737093146}
2025-01-17 11:17:54,298 - auth_token - INFO - Validating token: eyJhbGciOiJIUzI1NiIsInR5cCI6IkpXVCJ9.eyJlbWFpbCI6Im5hbmRoYWt1bWFyc2VsdmEyMDAwQGdtYWlsLmNvbSIsInJvbGUiOiJ1c2VyIiwiZXhwIjoxNzM3MDkzMTQ2fQ.H2hRVaMB7bFwfpl7_adfN6oNlg0C7aaNxqdAcGxYFGw
2025-01-17 11:17:54,299 - auth_token - INFO - Decoded token: {'email': 'nandhakumarselva2000@gmail.com', 'role': 'user', 'exp': 1737093146}
2025-01-17 11:18:04,107 - auth_token - INFO - Validating token: eyJhbGciOiJIUzI1NiIsInR5cCI6IkpXVCJ9.eyJlbWFpbCI6Im5hbmRoYWt1bWFyc2VsdmEyMDAwQGdtYWlsLmNvbSIsInJvbGUiOiJ1c2VyIiwiZXhwIjoxNzM3MDkzMTQ2fQ.H2hRVaMB7bFwfpl7_adfN6oNlg0C7aaNxqdAcGxYFGw
2025-01-17 11:18:04,108 - auth_token - INFO - Decoded token: {'email': 'nandhakumarselva2000@gmail.com', 'role': 'user', 'exp': 1737093146}
2025-01-17 11:18:04,108 - auth_token - INFO - Validating token: eyJhbGciOiJIUzI1NiIsInR5cCI6IkpXVCJ9.eyJlbWFpbCI6Im5hbmRoYWt1bWFyc2VsdmEyMDAwQGdtYWlsLmNvbSIsInJvbGUiOiJ1c2VyIiwiZXhwIjoxNzM3MDkzMTQ2fQ.H2hRVaMB7bFwfpl7_adfN6oNlg0C7aaNxqdAcGxYFGw
2025-01-17 11:18:04,109 - auth_token - INFO - Decoded token: {'email': 'nandhakumarselva2000@gmail.com', 'role': 'user', 'exp': 1737093146}
2025-01-17 11:18:20,142 - auth_token - INFO - .....creating new token .....
2025-01-17 11:18:20,142 - auth_token - INFO - paylaod ---- {'email': 'nandhakumarselva2000@gmail.com', 'role': <RoleEnum.user: 'user'>}
2025-01-17 11:18:20,142 - auth_token - INFO - .....creating new token .....
2025-01-17 11:18:20,142 - auth_token - INFO - paylaod ---- {'email': 'nandhakumarselva2000@gmail.com', 'role': <RoleEnum.user: 'user'>}
2025-01-17 11:36:33,405 - auth_token - INFO - .....creating new token .....
2025-01-17 11:36:33,405 - auth_token - INFO - paylaod ---- {'email': 'nandhakumarselva2000@gmail.com', 'role': 'user'}
2025-01-17 11:36:33,406 - auth_token - INFO - .....creating new token .....
2025-01-17 11:36:33,406 - auth_token - INFO - paylaod ---- {'email': 'nandhakumarselva2000@gmail.com', 'role': 'user'}
2025-01-17 11:36:43,989 - auth_token - INFO - .....creating new token .....
2025-01-17 11:36:43,989 - auth_token - INFO - paylaod ---- {'email': 'nandhakumarselva2000@gmail.com', 'role': <RoleEnum.user: 'user'>}
2025-01-17 11:36:43,989 - auth_token - INFO - .....creating new token .....
2025-01-17 11:36:43,989 - auth_token - INFO - paylaod ---- {'email': 'nandhakumarselva2000@gmail.com', 'role': <RoleEnum.user: 'user'>}
2025-01-17 15:25:11,075 - auth_token - INFO - .....creating new token .....
2025-01-17 15:25:11,076 - auth_token - INFO - paylaod ---- {'email': 'nandhakumarselva2000@gmail.com', 'role': <RoleEnum.user: 'user'>}
2025-01-17 15:25:11,076 - auth_token - INFO - .....creating new token .....
2025-01-17 15:25:11,076 - auth_token - INFO - paylaod ---- {'email': 'nandhakumarselva2000@gmail.com', 'role': <RoleEnum.user: 'user'>}
2025-01-17 15:26:58,929 - auth_token - INFO - .....creating new token .....
2025-01-17 15:26:58,929 - auth_token - INFO - paylaod ---- {'email': 'nandhakumarselva2000@gmail.com', 'role': <RoleEnum.user: 'user'>}
2025-01-17 15:26:58,930 - auth_token - INFO - .....creating new token .....
2025-01-17 15:26:58,930 - auth_token - INFO - paylaod ---- {'email': 'nandhakumarselva2000@gmail.com', 'role': <RoleEnum.user: 'user'>}
2025-01-17 15:27:36,296 - auth_token - INFO - .....creating new token .....
2025-01-17 15:27:36,296 - auth_token - INFO - paylaod ---- {'email': 'nandhakumarselva2000@gmail.com', 'role': <RoleEnum.user: 'user'>}
2025-01-17 15:27:36,297 - auth_token - INFO - .....creating new token .....
2025-01-17 15:27:36,297 - auth_token - INFO - paylaod ---- {'email': 'nandhakumarselva2000@gmail.com', 'role': <RoleEnum.user: 'user'>}
2025-01-17 15:28:01,435 - auth_token - INFO - .....creating new token .....
2025-01-17 15:28:01,436 - auth_token - INFO - paylaod ---- {'email': 'nandhakumarselva2000@gmail.com', 'role': <RoleEnum.user: 'user'>}
2025-01-17 15:28:01,436 - auth_token - INFO - .....creating new token .....
2025-01-17 15:28:01,436 - auth_token - INFO - paylaod ---- {'email': 'nandhakumarselva2000@gmail.com', 'role': <RoleEnum.user: 'user'>}
2025-01-17 15:28:54,064 - auth_token - INFO - .....creating new token .....
2025-01-17 15:28:54,064 - auth_token - INFO - paylaod ---- {'email': 'nandhakumarselva2000@gmail.com', 'role': <RoleEnum.user: 'user'>}
2025-01-17 15:28:54,064 - auth_token - INFO - .....creating new token .....
2025-01-17 15:28:54,064 - auth_token - INFO - paylaod ---- {'email': 'nandhakumarselva2000@gmail.com', 'role': <RoleEnum.user: 'user'>}
2025-01-17 16:21:35,553 - auth_token - INFO - .....creating new token .....
2025-01-17 16:21:35,553 - auth_token - INFO - paylaod ---- {'email': 'jvbvhjdfbvjhd@gmail.com', 'role': 'user'}
2025-01-17 16:21:35,553 - auth_token - INFO - .....creating new token .....
2025-01-17 16:21:35,553 - auth_token - INFO - paylaod ---- {'email': 'jvbvhjdfbvjhd@gmail.com', 'role': 'user'}
2025-01-17 16:31:21,728 - auth_token - INFO - .....creating new token .....
2025-01-17 16:31:21,728 - auth_token - INFO - paylaod ---- {'email': 'nan@gmail.com', 'role': 'user'}
2025-01-17 16:31:21,728 - auth_token - INFO - .....creating new token .....
2025-01-17 16:31:21,729 - auth_token - INFO - paylaod ---- {'email': 'nan@gmail.com', 'role': 'user'}
2025-01-17 16:47:41,629 - auth_token - INFO - .....creating new token .....
2025-01-17 16:47:41,630 - auth_token - INFO - paylaod ---- {'email': 'nandjaha@gmail.com', 'role': 'user'}
2025-01-17 16:47:41,631 - auth_token - INFO - .....creating new token .....
2025-01-17 16:47:41,631 - auth_token - INFO - paylaod ---- {'email': 'nandjaha@gmail.com', 'role': 'user'}
2025-01-17 16:51:52,719 - auth_token - INFO - .....creating new token .....
2025-01-17 16:51:52,719 - auth_token - INFO - paylaod ---- {'email': 'nandha@gmail.com', 'role': 'user'}
2025-01-17 16:51:52,719 - auth_token - INFO - .....creating new token .....
2025-01-17 16:51:52,720 - auth_token - INFO - paylaod ---- {'email': 'nandha@gmail.com', 'role': 'user'}
2025-01-17 16:53:32,920 - auth_token - INFO - .....creating new token .....
2025-01-17 16:53:32,920 - auth_token - INFO - paylaod ---- {'email': 'nanddha@gmail.com', 'role': 'user'}
2025-01-17 16:53:32,921 - auth_token - INFO - .....creating new token .....
2025-01-17 16:53:32,921 - auth_token - INFO - paylaod ---- {'email': 'nanddha@gmail.com', 'role': 'user'}
2025-01-17 16:54:17,937 - auth_token - INFO - .....creating new token .....
2025-01-17 16:54:17,938 - auth_token - INFO - paylaod ---- {'email': 'nanddhal@gmail.com', 'role': 'user'}
2025-01-17 16:54:17,938 - auth_token - INFO - .....creating new token .....
2025-01-17 16:54:17,939 - auth_token - INFO - paylaod ---- {'email': 'nanddhal@gmail.com', 'role': 'user'}
2025-01-17 16:58:29,929 - auth_token - INFO - .....creating new token .....
2025-01-17 16:58:29,929 - auth_token - INFO - paylaod ---- {'email': 'nanddhaal@gmail.com', 'role': 'user'}
2025-01-17 16:58:29,930 - auth_token - INFO - .....creating new token .....
2025-01-17 16:58:29,930 - auth_token - INFO - paylaod ---- {'email': 'nanddhaal@gmail.com', 'role': 'user'}
2025-01-17 17:00:16,714 - auth_token - INFO - .....creating new token .....
2025-01-17 17:00:16,714 - auth_token - INFO - paylaod ---- {'email': 'nan4@gmail.com', 'role': 'user'}
2025-01-17 17:00:16,715 - auth_token - INFO - .....creating new token .....
2025-01-17 17:00:16,715 - auth_token - INFO - paylaod ---- {'email': 'nan4@gmail.com', 'role': 'user'}
2025-01-17 17:01:18,196 - auth_token - INFO - .....creating new token .....
2025-01-17 17:01:18,196 - auth_token - INFO - paylaod ---- {'email': 'jvbvhjdfbvjhd@gmail.com', 'role': <RoleEnum.user: 'user'>}
2025-01-17 17:01:18,196 - auth_token - INFO - .....creating new token .....
2025-01-17 17:01:18,197 - auth_token - INFO - paylaod ---- {'email': 'jvbvhjdfbvjhd@gmail.com', 'role': <RoleEnum.user: 'user'>}
2025-01-17 17:02:05,183 - auth_token - INFO - .....creating new token .....
2025-01-17 17:02:05,183 - auth_token - INFO - paylaod ---- {'email': 'nandha1@gmail.com', 'role': 'user'}
2025-01-17 17:02:05,183 - auth_token - INFO - .....creating new token .....
2025-01-17 17:02:05,183 - auth_token - INFO - paylaod ---- {'email': 'nandha1@gmail.com', 'role': 'user'}
2025-01-17 17:02:25,495 - auth_token - INFO - .....creating new token .....
2025-01-17 17:02:25,495 - auth_token - INFO - paylaod ---- {'email': 'nandha1@gmail.com', 'role': <RoleEnum.user: 'user'>}
2025-01-17 17:02:25,495 - auth_token - INFO - .....creating new token .....
2025-01-17 17:02:25,495 - auth_token - INFO - paylaod ---- {'email': 'nandha1@gmail.com', 'role': <RoleEnum.user: 'user'>}
2025-01-17 17:37:16,556 - auth_token - INFO - .....creating new token .....
2025-01-17 17:37:16,557 - auth_token - INFO - paylaod ---- {'email': 'nandhakumarselva2000@gmail.com', 'role': <RoleEnum.user: 'user'>}
2025-01-17 17:37:16,557 - auth_token - INFO - .....creating new token .....
2025-01-17 17:37:16,557 - auth_token - INFO - paylaod ---- {'email': 'nandhakumarselva2000@gmail.com', 'role': <RoleEnum.user: 'user'>}
2025-01-17 17:39:22,924 - auth_token - INFO - .....creating new token .....
2025-01-17 17:39:22,924 - auth_token - INFO - paylaod ---- {'email': 'nandhakumarselva2000@gmail.com', 'role': <RoleEnum.user: 'user'>}
2025-01-17 17:39:22,924 - auth_token - INFO - .....creating new token .....
2025-01-17 17:39:22,924 - auth_token - INFO - paylaod ---- {'email': 'nandhakumarselva2000@gmail.com', 'role': <RoleEnum.user: 'user'>}
2025-01-17 17:40:24,423 - auth_token - INFO - .....creating new token .....
2025-01-17 17:40:24,423 - auth_token - INFO - paylaod ---- {'email': 'nandhakumarselva2000@gmail.com', 'role': <RoleEnum.user: 'user'>}
2025-01-17 17:40:24,423 - auth_token - INFO - .....creating new token .....
2025-01-17 17:40:24,423 - auth_token - INFO - paylaod ---- {'email': 'nandhakumarselva2000@gmail.com', 'role': <RoleEnum.user: 'user'>}
2025-01-17 17:44:02,846 - auth_token - INFO - .....creating new token .....
2025-01-17 17:44:02,846 - auth_token - INFO - paylaod ---- {'email': 'na@gmail.com', 'role': 'user'}
2025-01-17 17:44:02,846 - auth_token - INFO - .....creating new token .....
2025-01-17 17:44:02,846 - auth_token - INFO - paylaod ---- {'email': 'na@gmail.com', 'role': 'user'}
2025-01-17 17:53:52,953 - auth_token - INFO - .....creating new token .....
2025-01-17 17:53:52,953 - auth_token - INFO - paylaod ---- {'email': 'nandhakumarselva2000@gmail.com', 'role': <RoleEnum.user: 'user'>}
2025-01-17 17:53:56,730 - auth_token - INFO - .....creating new token .....
2025-01-17 17:53:56,731 - auth_token - INFO - paylaod ---- {'email': 'nandhakumarselva2000@gmail.com', 'role': <RoleEnum.user: 'user'>}
2025-01-17 18:24:07,981 - auth_token - INFO - .....creating new token .....
2025-01-17 18:24:07,982 - auth_token - INFO - paylaod ---- {'email': 'nandhakumarselva2000@gmail.com', 'role': <RoleEnum.user: 'user'>}
2025-01-17 18:26:00,617 - auth_token - INFO - .....creating new token .....
2025-01-17 18:26:00,618 - auth_token - INFO - paylaod ---- {'email': 'nandhakumarselva2000@gmail.com', 'role': <RoleEnum.user: 'user'>}
2025-01-17 18:26:04,228 - auth_token - INFO - .....creating new token .....
2025-01-17 18:26:04,229 - auth_token - INFO - paylaod ---- {'email': 'nandhakumarselva2000@gmail.com', 'role': <RoleEnum.user: 'user'>}
2025-01-17 18:30:07,222 - auth_token - INFO - .....creating new token .....
2025-01-17 18:30:07,222 - auth_token - INFO - paylaod ---- {'email': 'nandhakumarselva2000@gmail.com', 'role': <RoleEnum.user: 'user'>}
2025-01-17 18:30:10,370 - auth_token - INFO - .....creating new token .....
2025-01-17 18:30:10,370 - auth_token - INFO - paylaod ---- {'email': 'nandhakumarselva2000@gmail.com', 'role': <RoleEnum.user: 'user'>}
2025-01-17 18:30:59,650 - auth_token - INFO - .....creating new token .....
2025-01-17 18:30:59,651 - auth_token - INFO - paylaod ---- {'email': 'nandhakumarselva2000@gmail.com', 'role': <RoleEnum.user: 'user'>}
2025-01-17 18:31:03,079 - auth_token - INFO - .....creating new token .....
2025-01-17 18:31:03,079 - auth_token - INFO - paylaod ---- {'email': 'nandhakumarselva2000@gmail.com', 'role': <RoleEnum.user: 'user'>}
2025-01-17 18:31:05,887 - auth_token - INFO - .....creating new token .....
2025-01-17 18:31:05,888 - auth_token - INFO - paylaod ---- {'email': 'nandhakumarselva2000@gmail.com', 'role': <RoleEnum.user: 'user'>}
2025-01-17 18:31:53,548 - auth_token - INFO - .....creating new token .....
2025-01-17 18:31:53,549 - auth_token - INFO - paylaod ---- {'email': 'nandha@gmail.com', 'role': <RoleEnum.user: 'user'>}
2025-01-17 18:31:56,369 - auth_token - INFO - .....creating new token .....
2025-01-17 18:31:56,369 - auth_token - INFO - paylaod ---- {'email': 'nandha@gmail.com', 'role': <RoleEnum.user: 'user'>}
2025-01-17 18:32:21,648 - auth_token - INFO - .....creating new token .....
2025-01-17 18:32:21,649 - auth_token - INFO - paylaod ---- {'email': 'nandhakumarselva2000@gmail.com', 'role': <RoleEnum.user: 'user'>}
2025-01-17 19:21:30,324 - auth_token - INFO - Validating token: eyJhbGciOiJIUzI1NiIsInR5cCI6IkpXVCJ9.eyJlbWFpbCI6Im5hbmRoYWt1bWFyc2VsdmEyMDAwQGdtYWlsLmNvbSIsInJvbGUiOiJ1c2VyIiwiZXhwIjoxNzM3MDkzMTQ2fQ.H2hRVaMB7bFwfpl7_adfN6oNlg0C7aaNxqdAcGxYFGw
2025-01-17 19:21:30,325 - auth_token - ERROR - Token has expired
2025-01-17 19:21:43,111 - auth_token - INFO - Validating token: eyJhbGciOiJIUzI1NiIsInR5cCI6IkpXVCJ9.eyJlbWFpbCI6Im5hbmRoYWt1bWFyc2VsdmEyMDAwQGdtYWlsLmNvbSIsInJvbGUiOiJ1c2VyIiwiZXhwIjoxNzM3MDkzMTQ2fQ.H2hRVaMB7bFwfpl7_adfN6oNlg0C7aaNxqdAcGxYFGw
2025-01-17 19:21:43,112 - auth_token - ERROR - Token has expired
2025-01-17 19:21:46,862 - auth_token - INFO - Validating token: eyJhbGciOiJIUzI1NiIsInR5cCI6IkpXVCJ9.eyJlbWFpbCI6Im5hbmRoYWt1bWFyc2VsdmEyMDAwQGdtYWlsLmNvbSIsInJvbGUiOiJ1c2VyIiwiZXhwIjoxNzM3MDkzMTQ2fQ.H2hRVaMB7bFwfpl7_adfN6oNlg0C7aaNxqdAcGxYFGw
2025-01-17 19:21:46,863 - auth_token - ERROR - Token has expired
2025-01-17 19:21:51,912 - auth_token - INFO - Validating token: eyJhbGciOiJIUzI1NiIsInR5cCI6IkpXVCJ9.eyJlbWFpbCI6Im5hbmRoYWt1bWFyc2VsdmEyMDAwQGdtYWlsLmNvbSIsInJvbGUiOiJ1c2VyIiwiZXhwIjoxNzM3MDkzMTQ2fQ.H2hRVaMB7bFwfpl7_adfN6oNlg0C7aaNxqdAcGxYFGw
2025-01-17 19:21:51,913 - auth_token - ERROR - Token has expired
2025-01-17 19:22:28,371 - auth_token - INFO - Validating token: eyJhbGciOiJIUzI1NiIsInR5cCI6IkpXVCJ9.eyJlbWFpbCI6Im5hbmRoYWt1bWFyc2VsdmEyMDAwQGdtYWlsLmNvbSIsInJvbGUiOiJ1c2VyIiwiZXhwIjoxNzM3MDkzMTQ2fQ.H2hRVaMB7bFwfpl7_adfN6oNlg0C7aaNxqdAcGxYFGw
2025-01-17 19:22:28,371 - auth_token - ERROR - Token has expired
2025-01-17 19:22:53,332 - auth_token - INFO - .....creating new token .....
2025-01-17 19:22:53,332 - auth_token - INFO - paylaod ---- {'email': 'nandhakumarselva2000@gmail.com', 'role': <RoleEnum.user: 'user'>}
2025-01-17 19:24:55,578 - auth_token - INFO - .....creating new token .....
2025-01-17 19:24:55,578 - auth_token - INFO - paylaod ---- {'email': 'nandhakumarselva2000@gmail.com', 'role': <RoleEnum.user: 'user'>}
2025-01-17 19:24:55,578 - auth_token - INFO - .....creating new token .....
2025-01-17 19:24:55,578 - auth_token - INFO - paylaod ---- {'email': 'nandhakumarselva2000@gmail.com', 'role': <RoleEnum.user: 'user'>}
2025-01-17 19:25:04,600 - auth_token - INFO - Validating token: eyJhbGciOiJIUzI1NiIsInR5cCI6IkpXVCJ9.eyJlbWFpbCI6Im5hbmRoYWt1bWFyc2VsdmEyMDAwQGdtYWlsLmNvbSIsInJvbGUiOiJ1c2VyIiwiZXhwIjoxNzM3MDkzMTQ2fQ.H2hRVaMB7bFwfpl7_adfN6oNlg0C7aaNxqdAcGxYFGw
2025-01-17 19:25:04,600 - auth_token - ERROR - Token has expired
2025-01-17 19:25:29,549 - auth_token - INFO - Validating token: eyJhbGciOiJIUzI1NiIsInR5cCI6IkpXVCJ9.eyJlbWFpbCI6Im5hbmRoYWt1bWFyc2VsdmEyMDAwQGdtYWlsLmNvbSIsInJvbGUiOiJ1c2VyIiwiZXhwIjoxNzM3MDkzMTQ2fQ.H2hRVaMB7bFwfpl7_adfN6oNlg0C7aaNxqdAcGxYFGw
2025-01-17 19:25:29,550 - auth_token - ERROR - Token has expired
2025-01-17 19:25:30,507 - auth_token - INFO - Validating token: eyJhbGciOiJIUzI1NiIsInR5cCI6IkpXVCJ9.eyJlbWFpbCI6Im5hbmRoYWt1bWFyc2VsdmEyMDAwQGdtYWlsLmNvbSIsInJvbGUiOiJ1c2VyIiwiZXhwIjoxNzM3MDkzMTQ2fQ.H2hRVaMB7bFwfpl7_adfN6oNlg0C7aaNxqdAcGxYFGw
2025-01-17 19:25:30,508 - auth_token - ERROR - Token has expired
2025-01-17 19:25:31,067 - auth_token - INFO - Validating token: eyJhbGciOiJIUzI1NiIsInR5cCI6IkpXVCJ9.eyJlbWFpbCI6Im5hbmRoYWt1bWFyc2VsdmEyMDAwQGdtYWlsLmNvbSIsInJvbGUiOiJ1c2VyIiwiZXhwIjoxNzM3MDkzMTQ2fQ.H2hRVaMB7bFwfpl7_adfN6oNlg0C7aaNxqdAcGxYFGw
2025-01-17 19:25:31,068 - auth_token - ERROR - Token has expired
2025-01-17 19:25:31,247 - auth_token - INFO - Validating token: eyJhbGciOiJIUzI1NiIsInR5cCI6IkpXVCJ9.eyJlbWFpbCI6Im5hbmRoYWt1bWFyc2VsdmEyMDAwQGdtYWlsLmNvbSIsInJvbGUiOiJ1c2VyIiwiZXhwIjoxNzM3MDkzMTQ2fQ.H2hRVaMB7bFwfpl7_adfN6oNlg0C7aaNxqdAcGxYFGw
2025-01-17 19:25:31,248 - auth_token - ERROR - Token has expired
2025-01-17 19:25:31,493 - auth_token - INFO - Validating token: eyJhbGciOiJIUzI1NiIsInR5cCI6IkpXVCJ9.eyJlbWFpbCI6Im5hbmRoYWt1bWFyc2VsdmEyMDAwQGdtYWlsLmNvbSIsInJvbGUiOiJ1c2VyIiwiZXhwIjoxNzM3MDkzMTQ2fQ.H2hRVaMB7bFwfpl7_adfN6oNlg0C7aaNxqdAcGxYFGw
2025-01-17 19:25:31,494 - auth_token - ERROR - Token has expired
2025-01-17 19:25:31,751 - auth_token - INFO - Validating token: eyJhbGciOiJIUzI1NiIsInR5cCI6IkpXVCJ9.eyJlbWFpbCI6Im5hbmRoYWt1bWFyc2VsdmEyMDAwQGdtYWlsLmNvbSIsInJvbGUiOiJ1c2VyIiwiZXhwIjoxNzM3MDkzMTQ2fQ.H2hRVaMB7bFwfpl7_adfN6oNlg0C7aaNxqdAcGxYFGw
2025-01-17 19:25:31,751 - auth_token - ERROR - Token has expired
2025-01-17 19:25:32,699 - auth_token - INFO - Validating token: eyJhbGciOiJIUzI1NiIsInR5cCI6IkpXVCJ9.eyJlbWFpbCI6Im5hbmRoYWt1bWFyc2VsdmEyMDAwQGdtYWlsLmNvbSIsInJvbGUiOiJ1c2VyIiwiZXhwIjoxNzM3MDkzMTQ2fQ.H2hRVaMB7bFwfpl7_adfN6oNlg0C7aaNxqdAcGxYFGw
2025-01-17 19:25:32,700 - auth_token - ERROR - Token has expired
2025-01-17 19:26:00,464 - auth_token - INFO - Validating token: eyJhbGciOiJIUzI1NiIsInR5cCI6IkpXVCJ9.eyJlbWFpbCI6Im5hbmRoYWt1bWFyc2VsdmEyMDAwQGdtYWlsLmNvbSIsInJvbGUiOiJ1c2VyIiwiZXhwIjoxNzM3MDkzMTQ2fQ.H2hRVaMB7bFwfpl7_adfN6oNlg0C7aaNxqdAcGxYFGw
2025-01-17 19:26:00,464 - auth_token - ERROR - Token has expired
2025-01-17 19:26:01,369 - auth_token - INFO - Validating token: eyJhbGciOiJIUzI1NiIsInR5cCI6IkpXVCJ9.eyJlbWFpbCI6Im5hbmRoYWt1bWFyc2VsdmEyMDAwQGdtYWlsLmNvbSIsInJvbGUiOiJ1c2VyIiwiZXhwIjoxNzM3MDkzMTQ2fQ.H2hRVaMB7bFwfpl7_adfN6oNlg0C7aaNxqdAcGxYFGw
2025-01-17 19:26:01,369 - auth_token - ERROR - Token has expired
2025-01-17 19:26:01,602 - auth_token - INFO - Validating token: eyJhbGciOiJIUzI1NiIsInR5cCI6IkpXVCJ9.eyJlbWFpbCI6Im5hbmRoYWt1bWFyc2VsdmEyMDAwQGdtYWlsLmNvbSIsInJvbGUiOiJ1c2VyIiwiZXhwIjoxNzM3MDkzMTQ2fQ.H2hRVaMB7bFwfpl7_adfN6oNlg0C7aaNxqdAcGxYFGw
2025-01-17 19:26:01,603 - auth_token - ERROR - Token has expired
2025-01-17 19:26:01,813 - auth_token - INFO - Validating token: eyJhbGciOiJIUzI1NiIsInR5cCI6IkpXVCJ9.eyJlbWFpbCI6Im5hbmRoYWt1bWFyc2VsdmEyMDAwQGdtYWlsLmNvbSIsInJvbGUiOiJ1c2VyIiwiZXhwIjoxNzM3MDkzMTQ2fQ.H2hRVaMB7bFwfpl7_adfN6oNlg0C7aaNxqdAcGxYFGw
2025-01-17 19:26:01,813 - auth_token - ERROR - Token has expired
2025-01-17 19:26:01,991 - auth_token - INFO - Validating token: eyJhbGciOiJIUzI1NiIsInR5cCI6IkpXVCJ9.eyJlbWFpbCI6Im5hbmRoYWt1bWFyc2VsdmEyMDAwQGdtYWlsLmNvbSIsInJvbGUiOiJ1c2VyIiwiZXhwIjoxNzM3MDkzMTQ2fQ.H2hRVaMB7bFwfpl7_adfN6oNlg0C7aaNxqdAcGxYFGw
2025-01-17 19:26:01,992 - auth_token - ERROR - Token has expired
2025-01-17 19:26:02,708 - auth_token - INFO - Validating token: eyJhbGciOiJIUzI1NiIsInR5cCI6IkpXVCJ9.eyJlbWFpbCI6Im5hbmRoYWt1bWFyc2VsdmEyMDAwQGdtYWlsLmNvbSIsInJvbGUiOiJ1c2VyIiwiZXhwIjoxNzM3MDkzMTQ2fQ.H2hRVaMB7bFwfpl7_adfN6oNlg0C7aaNxqdAcGxYFGw
2025-01-17 19:26:02,709 - auth_token - ERROR - Token has expired
2025-01-17 19:26:02,892 - auth_token - INFO - Validating token: eyJhbGciOiJIUzI1NiIsInR5cCI6IkpXVCJ9.eyJlbWFpbCI6Im5hbmRoYWt1bWFyc2VsdmEyMDAwQGdtYWlsLmNvbSIsInJvbGUiOiJ1c2VyIiwiZXhwIjoxNzM3MDkzMTQ2fQ.H2hRVaMB7bFwfpl7_adfN6oNlg0C7aaNxqdAcGxYFGw
2025-01-17 19:26:02,893 - auth_token - ERROR - Token has expired
2025-01-17 19:26:03,076 - auth_token - INFO - Validating token: eyJhbGciOiJIUzI1NiIsInR5cCI6IkpXVCJ9.eyJlbWFpbCI6Im5hbmRoYWt1bWFyc2VsdmEyMDAwQGdtYWlsLmNvbSIsInJvbGUiOiJ1c2VyIiwiZXhwIjoxNzM3MDkzMTQ2fQ.H2hRVaMB7bFwfpl7_adfN6oNlg0C7aaNxqdAcGxYFGw
2025-01-17 19:26:03,076 - auth_token - ERROR - Token has expired
2025-01-17 19:34:45,380 - auth_token - INFO - Validating token: eyJhbGciOiJIUzI1NiIsInR5cCI6IkpXVCJ9.eyJlbWFpbCI6Im5hbmRoYWt1bWFyc2VsdmEyMDAwQGdtYWlsLmNvbSIsInJvbGUiOiJ1c2VyIiwiZXhwIjoxNzM3MTIyMjczfQ.BEwufnfTrTsYocvRDcCuktxWZkkJLYYeA3ZTYD1UdKA
2025-01-17 19:34:45,381 - auth_token - ERROR - Token has expired
2025-01-17 19:35:03,269 - auth_token - INFO - .....creating new token .....
2025-01-17 19:35:03,269 - auth_token - INFO - paylaod ---- {'email': 'nandhakumarselva2000@gmail.com', 'role': <RoleEnum.user: 'user'>}
2025-01-17 19:35:03,269 - auth_token - INFO - .....creating new token .....
2025-01-17 19:35:03,269 - auth_token - INFO - paylaod ---- {'email': 'nandhakumarselva2000@gmail.com', 'role': <RoleEnum.user: 'user'>}
2025-01-17 19:35:20,676 - auth_token - INFO - .....creating new token .....
2025-01-17 19:35:20,677 - auth_token - INFO - paylaod ---- {'email': 'nandhakumarselva2000@gmail.com', 'role': <RoleEnum.user: 'user'>}
2025-01-17 19:35:24,082 - auth_token - INFO - .....creating new token .....
2025-01-17 19:35:24,082 - auth_token - INFO - paylaod ---- {'email': 'nandhakumarselva2000@gmail.com', 'role': <RoleEnum.user: 'user'>}
2025-01-17 19:36:18,917 - auth_token - INFO - Validating token: eyJhbGciOiJIUzI1NiIsInR5cCI6IkpXVCJ9.eyJlbWFpbCI6Im5hbmRoYWt1bWFyc2VsdmEyMDAwQGdtYWlsLmNvbSIsInJvbGUiOiJ1c2VyIiwiZXhwIjoxNzM3MTIzMDI0fQ.4MkRtbV6nQ0lnhY3tqx-C9LVxAcFt4Io5t8_pbQKczc
2025-01-17 19:36:18,917 - auth_token - INFO - Decoded token: {'email': 'nandhakumarselva2000@gmail.com', 'role': 'user', 'exp': 1737123024}
2025-01-17 19:36:18,918 - auth_token - INFO - Validating token: eyJhbGciOiJIUzI1NiIsInR5cCI6IkpXVCJ9.eyJlbWFpbCI6Im5hbmRoYWt1bWFyc2VsdmEyMDAwQGdtYWlsLmNvbSIsInJvbGUiOiJ1c2VyIiwiZXhwIjoxNzM3MTIzMDI0fQ.4MkRtbV6nQ0lnhY3tqx-C9LVxAcFt4Io5t8_pbQKczc
2025-01-17 19:36:18,918 - auth_token - INFO - Decoded token: {'email': 'nandhakumarselva2000@gmail.com', 'role': 'user', 'exp': 1737123024}
2025-01-17 19:36:54,253 - auth_token - INFO - Validating token: eyJhbGciOiJIUzI1NiIsInR5cCI6IkpXVCJ9.eyJlbWFpbCI6Im5hbmRoYWt1bWFyc2VsdmEyMDAwQGdtYWlsLmNvbSIsInJvbGUiOiJ1c2VyIiwiZXhwIjoxNzM3MTIzMDI0fQ.4MkRtbV6nQ0lnhY3tqx-C9LVxAcFt4Io5t8_pbQKczc
2025-01-17 19:36:54,253 - auth_token - INFO - Decoded token: {'email': 'nandhakumarselva2000@gmail.com', 'role': 'user', 'exp': 1737123024}
2025-01-17 19:36:54,255 - auth_token - INFO - Validating token: eyJhbGciOiJIUzI1NiIsInR5cCI6IkpXVCJ9.eyJlbWFpbCI6Im5hbmRoYWt1bWFyc2VsdmEyMDAwQGdtYWlsLmNvbSIsInJvbGUiOiJ1c2VyIiwiZXhwIjoxNzM3MTIzMDI0fQ.4MkRtbV6nQ0lnhY3tqx-C9LVxAcFt4Io5t8_pbQKczc
2025-01-17 19:36:54,255 - auth_token - INFO - Decoded token: {'email': 'nandhakumarselva2000@gmail.com', 'role': 'user', 'exp': 1737123024}
2025-01-17 19:37:56,260 - auth_token - INFO - Validating token: eyJhbGciOiJIUzI1NiIsInR5cCI6IkpXVCJ9.eyJlbWFpbCI6Im5hbmRoYWt1bWFyc2VsdmEyMDAwQGdtYWlsLmNvbSIsInJvbGUiOiJ1c2VyIiwiZXhwIjoxNzM3MTIzMDI0fQ.4MkRtbV6nQ0lnhY3tqx-C9LVxAcFt4Io5t8_pbQKczc
2025-01-17 19:37:56,261 - auth_token - INFO - Decoded token: {'email': 'nandhakumarselva2000@gmail.com', 'role': 'user', 'exp': 1737123024}
2025-01-17 19:37:56,262 - auth_token - INFO - Validating token: eyJhbGciOiJIUzI1NiIsInR5cCI6IkpXVCJ9.eyJlbWFpbCI6Im5hbmRoYWt1bWFyc2VsdmEyMDAwQGdtYWlsLmNvbSIsInJvbGUiOiJ1c2VyIiwiZXhwIjoxNzM3MTIzMDI0fQ.4MkRtbV6nQ0lnhY3tqx-C9LVxAcFt4Io5t8_pbQKczc
2025-01-17 19:37:56,262 - auth_token - INFO - Decoded token: {'email': 'nandhakumarselva2000@gmail.com', 'role': 'user', 'exp': 1737123024}
2025-01-17 19:38:07,618 - auth_token - INFO - Validating token: eyJhbGciOiJIUzI1NiIsInR5cCI6IkpXVCJ9.eyJlbWFpbCI6Im5hbmRoYWt1bWFyc2VsdmEyMDAwQGdtYWlsLmNvbSIsInJvbGUiOiJ1c2VyIiwiZXhwIjoxNzM3MTIzMDI0fQ.4MkRtbV6nQ0lnhY3tqx-C9LVxAcFt4Io5t8_pbQKczc
2025-01-17 19:38:07,618 - auth_token - INFO - Decoded token: {'email': 'nandhakumarselva2000@gmail.com', 'role': 'user', 'exp': 1737123024}
2025-01-17 19:38:07,620 - auth_token - INFO - Validating token: eyJhbGciOiJIUzI1NiIsInR5cCI6IkpXVCJ9.eyJlbWFpbCI6Im5hbmRoYWt1bWFyc2VsdmEyMDAwQGdtYWlsLmNvbSIsInJvbGUiOiJ1c2VyIiwiZXhwIjoxNzM3MTIzMDI0fQ.4MkRtbV6nQ0lnhY3tqx-C9LVxAcFt4Io5t8_pbQKczc
2025-01-17 19:38:07,620 - auth_token - INFO - Decoded token: {'email': 'nandhakumarselva2000@gmail.com', 'role': 'user', 'exp': 1737123024}
2025-01-17 19:38:46,577 - auth_token - INFO - Validating token: eyJhbGciOiJIUzI1NiIsInR5cCI6IkpXVCJ9.eyJlbWFpbCI6Im5hbmRoYWt1bWFyc2VsdmEyMDAwQGdtYWlsLmNvbSIsInJvbGUiOiJ1c2VyIiwiZXhwIjoxNzM3MTIzMDI0fQ.4MkRtbV6nQ0lnhY3tqx-C9LVxAcFt4Io5t8_pbQKczc
2025-01-17 19:38:46,577 - auth_token - INFO - Decoded token: {'email': 'nandhakumarselva2000@gmail.com', 'role': 'user', 'exp': 1737123024}
2025-01-17 19:38:46,578 - auth_token - INFO - Validating token: eyJhbGciOiJIUzI1NiIsInR5cCI6IkpXVCJ9.eyJlbWFpbCI6Im5hbmRoYWt1bWFyc2VsdmEyMDAwQGdtYWlsLmNvbSIsInJvbGUiOiJ1c2VyIiwiZXhwIjoxNzM3MTIzMDI0fQ.4MkRtbV6nQ0lnhY3tqx-C9LVxAcFt4Io5t8_pbQKczc
2025-01-17 19:38:46,579 - auth_token - INFO - Decoded token: {'email': 'nandhakumarselva2000@gmail.com', 'role': 'user', 'exp': 1737123024}
2025-01-17 19:38:50,213 - auth_token - INFO - Validating token: eyJhbGciOiJIUzI1NiIsInR5cCI6IkpXVCJ9.eyJlbWFpbCI6Im5hbmRoYWt1bWFyc2VsdmEyMDAwQGdtYWlsLmNvbSIsInJvbGUiOiJ1c2VyIiwiZXhwIjoxNzM3MTIzMDI0fQ.4MkRtbV6nQ0lnhY3tqx-C9LVxAcFt4Io5t8_pbQKczc
2025-01-17 19:38:50,214 - auth_token - INFO - Decoded token: {'email': 'nandhakumarselva2000@gmail.com', 'role': 'user', 'exp': 1737123024}
2025-01-17 19:38:50,216 - auth_token - INFO - Validating token: eyJhbGciOiJIUzI1NiIsInR5cCI6IkpXVCJ9.eyJlbWFpbCI6Im5hbmRoYWt1bWFyc2VsdmEyMDAwQGdtYWlsLmNvbSIsInJvbGUiOiJ1c2VyIiwiZXhwIjoxNzM3MTIzMDI0fQ.4MkRtbV6nQ0lnhY3tqx-C9LVxAcFt4Io5t8_pbQKczc
2025-01-17 19:38:50,217 - auth_token - INFO - Decoded token: {'email': 'nandhakumarselva2000@gmail.com', 'role': 'user', 'exp': 1737123024}
2025-01-17 19:39:21,554 - auth_token - INFO - Validating token: eyJhbGciOiJIUzI1NiIsInR5cCI6IkpXVCJ9.eyJlbWFpbCI6Im5hbmRoYWt1bWFyc2VsdmEyMDAwQGdtYWlsLmNvbSIsInJvbGUiOiJ1c2VyIiwiZXhwIjoxNzM3MTIzMDI0fQ.4MkRtbV6nQ0lnhY3tqx-C9LVxAcFt4Io5t8_pbQKczc
2025-01-17 19:39:21,556 - auth_token - INFO - Decoded token: {'email': 'nandhakumarselva2000@gmail.com', 'role': 'user', 'exp': 1737123024}
2025-01-17 19:39:21,559 - auth_token - INFO - Validating token: eyJhbGciOiJIUzI1NiIsInR5cCI6IkpXVCJ9.eyJlbWFpbCI6Im5hbmRoYWt1bWFyc2VsdmEyMDAwQGdtYWlsLmNvbSIsInJvbGUiOiJ1c2VyIiwiZXhwIjoxNzM3MTIzMDI0fQ.4MkRtbV6nQ0lnhY3tqx-C9LVxAcFt4Io5t8_pbQKczc
2025-01-17 19:39:21,560 - auth_token - INFO - Decoded token: {'email': 'nandhakumarselva2000@gmail.com', 'role': 'user', 'exp': 1737123024}
2025-01-17 19:42:25,164 - auth_token - INFO - Validating token: eyJhbGciOiJIUzI1NiIsInR5cCI6IkpXVCJ9.eyJlbWFpbCI6Im5hbmRoYWt1bWFyc2VsdmEyMDAwQGdtYWlsLmNvbSIsInJvbGUiOiJ1c2VyIiwiZXhwIjoxNzM3MTIzMDI0fQ.4MkRtbV6nQ0lnhY3tqx-C9LVxAcFt4Io5t8_pbQKczc
2025-01-17 19:42:25,164 - auth_token - ERROR - Token has expired
2025-01-17 19:43:49,409 - auth_token - INFO - .....creating new token .....
2025-01-17 19:43:49,410 - auth_token - INFO - paylaod ---- {'email': 'nandhakumarselva2000@gmail.com', 'role': <RoleEnum.user: 'user'>}
2025-01-17 19:44:24,052 - auth_token - INFO - Validating token: eyJhbGciOiJIUzI1NiIsInR5cCI6IkpXVCJ9.eyJlbWFpbCI6Im5hbmRoYWt1bWFyc2VsdmEyMDAwQGdtYWlsLmNvbSIsInJvbGUiOiJ1c2VyIiwiZXhwIjoxNzM3MTQxMjI5fQ.IrDjYrYn0RJbZcGdZwG4ZwqKTQfwHpTQcyzbNl0u0ds
2025-01-17 19:44:24,053 - auth_token - INFO - Decoded token: {'email': 'nandhakumarselva2000@gmail.com', 'role': 'user', 'exp': 1737141229}
2025-01-17 19:44:24,056 - auth_token - INFO - Validating token: eyJhbGciOiJIUzI1NiIsInR5cCI6IkpXVCJ9.eyJlbWFpbCI6Im5hbmRoYWt1bWFyc2VsdmEyMDAwQGdtYWlsLmNvbSIsInJvbGUiOiJ1c2VyIiwiZXhwIjoxNzM3MTQxMjI5fQ.IrDjYrYn0RJbZcGdZwG4ZwqKTQfwHpTQcyzbNl0u0ds
2025-01-17 19:44:24,057 - auth_token - INFO - Decoded token: {'email': 'nandhakumarselva2000@gmail.com', 'role': 'user', 'exp': 1737141229}
2025-01-17 19:51:44,810 - auth_token - INFO - Validating token: eyJhbGciOiJIUzI1NiIsInR5cCI6IkpXVCJ9.eyJlbWFpbCI6Im5hbmRoYWt1bWFyc2VsdmEyMDAwQGdtYWlsLmNvbSIsInJvbGUiOiJ1c2VyIiwiZXhwIjoxNzM3MTQxMjI5fQ.IrDjYrYn0RJbZcGdZwG4ZwqKTQfwHpTQcyzbNl0u0ds
2025-01-17 19:51:44,811 - auth_token - INFO - Decoded token: {'email': 'nandhakumarselva2000@gmail.com', 'role': 'user', 'exp': 1737141229}
2025-01-17 19:51:44,814 - auth_token - INFO - Validating token: eyJhbGciOiJIUzI1NiIsInR5cCI6IkpXVCJ9.eyJlbWFpbCI6Im5hbmRoYWt1bWFyc2VsdmEyMDAwQGdtYWlsLmNvbSIsInJvbGUiOiJ1c2VyIiwiZXhwIjoxNzM3MTQxMjI5fQ.IrDjYrYn0RJbZcGdZwG4ZwqKTQfwHpTQcyzbNl0u0ds
2025-01-17 19:51:44,815 - auth_token - INFO - Decoded token: {'email': 'nandhakumarselva2000@gmail.com', 'role': 'user', 'exp': 1737141229}
2025-01-17 19:52:32,180 - auth_token - INFO - Validating token: eyJhbGciOiJIUzI1NiIsInR5cCI6IkpXVCJ9.eyJlbWFpbCI6Im5hbmRoYWt1bWFyc2VsdmEyMDAwQGdtYWlsLmNvbSIsInJvbGUiOiJ1c2VyIiwiZXhwIjoxNzM3MTQxMjI5fQ.IrDjYrYn0RJbZcGdZwG4ZwqKTQfwHpTQcyzbNl0u0ds
2025-01-17 19:52:32,180 - auth_token - INFO - Decoded token: {'email': 'nandhakumarselva2000@gmail.com', 'role': 'user', 'exp': 1737141229}
2025-01-17 19:52:32,183 - auth_token - INFO - Validating token: eyJhbGciOiJIUzI1NiIsInR5cCI6IkpXVCJ9.eyJlbWFpbCI6Im5hbmRoYWt1bWFyc2VsdmEyMDAwQGdtYWlsLmNvbSIsInJvbGUiOiJ1c2VyIiwiZXhwIjoxNzM3MTQxMjI5fQ.IrDjYrYn0RJbZcGdZwG4ZwqKTQfwHpTQcyzbNl0u0ds
2025-01-17 19:52:32,183 - auth_token - INFO - Decoded token: {'email': 'nandhakumarselva2000@gmail.com', 'role': 'user', 'exp': 1737141229}
2025-01-17 19:52:40,249 - auth_token - INFO - Validating token: eyJhbGciOiJIUzI1NiIsInR5cCI6IkpXVCJ9.eyJlbWFpbCI6Im5hbmRoYWt1bWFyc2VsdmEyMDAwQGdtYWlsLmNvbSIsInJvbGUiOiJ1c2VyIiwiZXhwIjoxNzM3MTQxMjI5fQ.IrDjYrYn0RJbZcGdZwG4ZwqKTQfwHpTQcyzbNl0u0ds
2025-01-17 19:52:40,249 - auth_token - INFO - Decoded token: {'email': 'nandhakumarselva2000@gmail.com', 'role': 'user', 'exp': 1737141229}
2025-01-17 19:52:40,250 - auth_token - INFO - Validating token: eyJhbGciOiJIUzI1NiIsInR5cCI6IkpXVCJ9.eyJlbWFpbCI6Im5hbmRoYWt1bWFyc2VsdmEyMDAwQGdtYWlsLmNvbSIsInJvbGUiOiJ1c2VyIiwiZXhwIjoxNzM3MTQxMjI5fQ.IrDjYrYn0RJbZcGdZwG4ZwqKTQfwHpTQcyzbNl0u0ds
2025-01-17 19:52:40,250 - auth_token - INFO - Decoded token: {'email': 'nandhakumarselva2000@gmail.com', 'role': 'user', 'exp': 1737141229}
2025-01-17 19:53:35,800 - auth_token - INFO - Validating token: eyJhbGciOiJIUzI1NiIsInR5cCI6IkpXVCJ9.eyJlbWFpbCI6Im5hbmRoYWt1bWFyc2VsdmEyMDAwQGdtYWlsLmNvbSIsInJvbGUiOiJ1c2VyIiwiZXhwIjoxNzM3MTQxMjI5fQ.IrDjYrYn0RJbZcGdZwG4ZwqKTQfwHpTQcyzbNl0u0ds
2025-01-17 19:53:35,801 - auth_token - INFO - Decoded token: {'email': 'nandhakumarselva2000@gmail.com', 'role': 'user', 'exp': 1737141229}
2025-01-17 19:53:35,803 - auth_token - INFO - Validating token: eyJhbGciOiJIUzI1NiIsInR5cCI6IkpXVCJ9.eyJlbWFpbCI6Im5hbmRoYWt1bWFyc2VsdmEyMDAwQGdtYWlsLmNvbSIsInJvbGUiOiJ1c2VyIiwiZXhwIjoxNzM3MTQxMjI5fQ.IrDjYrYn0RJbZcGdZwG4ZwqKTQfwHpTQcyzbNl0u0ds
2025-01-17 19:53:35,804 - auth_token - INFO - Decoded token: {'email': 'nandhakumarselva2000@gmail.com', 'role': 'user', 'exp': 1737141229}
2025-01-17 19:56:12,692 - auth_token - INFO - Validating token: eyJhbGciOiJIUzI1NiIsInR5cCI6IkpXVCJ9.eyJlbWFpbCI6Im5hbmRoYWt1bWFyc2VsdmEyMDAwQGdtYWlsLmNvbSIsInJvbGUiOiJ1c2VyIiwiZXhwIjoxNzM3MTQxMjI5fQ.IrDjYrYn0RJbZcGdZwG4ZwqKTQfwHpTQcyzbNl0u0ds
2025-01-17 19:56:12,692 - auth_token - INFO - Decoded token: {'email': 'nandhakumarselva2000@gmail.com', 'role': 'user', 'exp': 1737141229}
2025-01-17 19:56:12,695 - auth_token - INFO - Validating token: eyJhbGciOiJIUzI1NiIsInR5cCI6IkpXVCJ9.eyJlbWFpbCI6Im5hbmRoYWt1bWFyc2VsdmEyMDAwQGdtYWlsLmNvbSIsInJvbGUiOiJ1c2VyIiwiZXhwIjoxNzM3MTQxMjI5fQ.IrDjYrYn0RJbZcGdZwG4ZwqKTQfwHpTQcyzbNl0u0ds
2025-01-17 19:56:12,696 - auth_token - INFO - Decoded token: {'email': 'nandhakumarselva2000@gmail.com', 'role': 'user', 'exp': 1737141229}
2025-01-17 19:56:31,871 - auth_token - INFO - Validating token: eyJhbGciOiJIUzI1NiIsInR5cCI6IkpXVCJ9.eyJlbWFpbCI6Im5hbmRoYWt1bWFyc2VsdmEyMDAwQGdtYWlsLmNvbSIsInJvbGUiOiJ1c2VyIiwiZXhwIjoxNzM3MTQxMjI5fQ.IrDjYrYn0RJbZcGdZwG4ZwqKTQfwHpTQcyzbNl0u0ds
2025-01-17 19:56:31,871 - auth_token - INFO - Decoded token: {'email': 'nandhakumarselva2000@gmail.com', 'role': 'user', 'exp': 1737141229}
2025-01-17 19:56:31,872 - auth_token - INFO - Validating token: eyJhbGciOiJIUzI1NiIsInR5cCI6IkpXVCJ9.eyJlbWFpbCI6Im5hbmRoYWt1bWFyc2VsdmEyMDAwQGdtYWlsLmNvbSIsInJvbGUiOiJ1c2VyIiwiZXhwIjoxNzM3MTQxMjI5fQ.IrDjYrYn0RJbZcGdZwG4ZwqKTQfwHpTQcyzbNl0u0ds
2025-01-17 19:56:31,873 - auth_token - INFO - Decoded token: {'email': 'nandhakumarselva2000@gmail.com', 'role': 'user', 'exp': 1737141229}
2025-01-17 19:56:35,411 - auth_token - INFO - Validating token: eyJhbGciOiJIUzI1NiIsInR5cCI6IkpXVCJ9.eyJlbWFpbCI6Im5hbmRoYWt1bWFyc2VsdmEyMDAwQGdtYWlsLmNvbSIsInJvbGUiOiJ1c2VyIiwiZXhwIjoxNzM3MTQxMjI5fQ.IrDjYrYn0RJbZcGdZwG4ZwqKTQfwHpTQcyzbNl0u0ds
2025-01-17 19:56:35,411 - auth_token - INFO - Decoded token: {'email': 'nandhakumarselva2000@gmail.com', 'role': 'user', 'exp': 1737141229}
2025-01-17 19:56:35,413 - auth_token - INFO - Validating token: eyJhbGciOiJIUzI1NiIsInR5cCI6IkpXVCJ9.eyJlbWFpbCI6Im5hbmRoYWt1bWFyc2VsdmEyMDAwQGdtYWlsLmNvbSIsInJvbGUiOiJ1c2VyIiwiZXhwIjoxNzM3MTQxMjI5fQ.IrDjYrYn0RJbZcGdZwG4ZwqKTQfwHpTQcyzbNl0u0ds
2025-01-17 19:56:35,413 - auth_token - INFO - Decoded token: {'email': 'nandhakumarselva2000@gmail.com', 'role': 'user', 'exp': 1737141229}
2025-01-17 19:56:40,539 - auth_token - INFO - Validating token: eyJhbGciOiJIUzI1NiIsInR5cCI6IkpXVCJ9.eyJlbWFpbCI6Im5hbmRoYWt1bWFyc2VsdmEyMDAwQGdtYWlsLmNvbSIsInJvbGUiOiJ1c2VyIiwiZXhwIjoxNzM3MTQxMjI5fQ.IrDjYrYn0RJbZcGdZwG4ZwqKTQfwHpTQcyzbNl0u0ds
2025-01-17 19:56:40,539 - auth_token - INFO - Decoded token: {'email': 'nandhakumarselva2000@gmail.com', 'role': 'user', 'exp': 1737141229}
2025-01-17 19:56:40,541 - auth_token - INFO - Validating token: eyJhbGciOiJIUzI1NiIsInR5cCI6IkpXVCJ9.eyJlbWFpbCI6Im5hbmRoYWt1bWFyc2VsdmEyMDAwQGdtYWlsLmNvbSIsInJvbGUiOiJ1c2VyIiwiZXhwIjoxNzM3MTQxMjI5fQ.IrDjYrYn0RJbZcGdZwG4ZwqKTQfwHpTQcyzbNl0u0ds
2025-01-17 19:56:40,541 - auth_token - INFO - Decoded token: {'email': 'nandhakumarselva2000@gmail.com', 'role': 'user', 'exp': 1737141229}
2025-01-17 19:56:54,065 - auth_token - INFO - Validating token: eyJhbGciOiJIUzI1NiIsInR5cCI6IkpXVCJ9.eyJlbWFpbCI6Im5hbmRoYWt1bWFyc2VsdmEyMDAwQGdtYWlsLmNvbSIsInJvbGUiOiJ1c2VyIiwiZXhwIjoxNzM3MTQxMjI5fQ.IrDjYrYn0RJbZcGdZwG4ZwqKTQfwHpTQcyzbNl0u0ds
2025-01-17 19:56:54,065 - auth_token - INFO - Decoded token: {'email': 'nandhakumarselva2000@gmail.com', 'role': 'user', 'exp': 1737141229}
2025-01-17 19:56:54,066 - auth_token - INFO - Validating token: eyJhbGciOiJIUzI1NiIsInR5cCI6IkpXVCJ9.eyJlbWFpbCI6Im5hbmRoYWt1bWFyc2VsdmEyMDAwQGdtYWlsLmNvbSIsInJvbGUiOiJ1c2VyIiwiZXhwIjoxNzM3MTQxMjI5fQ.IrDjYrYn0RJbZcGdZwG4ZwqKTQfwHpTQcyzbNl0u0ds
2025-01-17 19:56:54,066 - auth_token - INFO - Decoded token: {'email': 'nandhakumarselva2000@gmail.com', 'role': 'user', 'exp': 1737141229}
2025-01-17 20:00:51,658 - auth_token - INFO - Validating token: eyJhbGciOiJIUzI1NiIsInR5cCI6IkpXVCJ9.eyJlbWFpbCI6Im5hbmRoYWt1bWFyc2VsdmEyMDAwQGdtYWlsLmNvbSIsInJvbGUiOiJ1c2VyIiwiZXhwIjoxNzM3MTQxMjI5fQ.IrDjYrYn0RJbZcGdZwG4ZwqKTQfwHpTQcyzbNl0u0ds
2025-01-17 20:00:51,659 - auth_token - INFO - Decoded token: {'email': 'nandhakumarselva2000@gmail.com', 'role': 'user', 'exp': 1737141229}
2025-01-17 20:00:51,660 - auth_token - INFO - Validating token: eyJhbGciOiJIUzI1NiIsInR5cCI6IkpXVCJ9.eyJlbWFpbCI6Im5hbmRoYWt1bWFyc2VsdmEyMDAwQGdtYWlsLmNvbSIsInJvbGUiOiJ1c2VyIiwiZXhwIjoxNzM3MTQxMjI5fQ.IrDjYrYn0RJbZcGdZwG4ZwqKTQfwHpTQcyzbNl0u0ds
2025-01-17 20:00:51,660 - auth_token - INFO - Decoded token: {'email': 'nandhakumarselva2000@gmail.com', 'role': 'user', 'exp': 1737141229}
2025-01-17 20:06:59,529 - auth_token - INFO - .....creating new token .....
2025-01-17 20:06:59,530 - auth_token - INFO - paylaod ---- {'email': 'nandhakumarselva2000@gmail.com', 'role': <RoleEnum.user: 'user'>}
2025-01-17 20:07:03,344 - auth_token - INFO - .....creating new token .....
2025-01-17 20:07:03,344 - auth_token - INFO - paylaod ---- {'email': 'nandhakumarselva2000@gmail.com', 'role': <RoleEnum.user: 'user'>}
2025-01-17 20:09:13,889 - auth_token - INFO - .....creating new token .....
2025-01-17 20:09:13,889 - auth_token - INFO - paylaod ---- {'email': 'nandhakumarselva2000@gmail.com', 'role': <RoleEnum.user: 'user'>}
2025-01-17 20:09:13,889 - auth_token - INFO - .....creating new token .....
2025-01-17 20:09:13,889 - auth_token - INFO - paylaod ---- {'email': 'nandhakumarselva2000@gmail.com', 'role': <RoleEnum.user: 'user'>}
2025-01-17 20:14:36,666 - auth_token - INFO - .....creating new token .....
2025-01-17 20:14:36,666 - auth_token - INFO - paylaod ---- {'email': 'nandhakumarselva2000@gmail.com', 'role': <RoleEnum.user: 'user'>}
2025-01-17 20:14:36,666 - auth_token - INFO - .....creating new token .....
2025-01-17 20:14:36,666 - auth_token - INFO - paylaod ---- {'email': 'nandhakumarselva2000@gmail.com', 'role': <RoleEnum.user: 'user'>}
2025-01-17 20:16:30,508 - auth_token - INFO - .....creating new token .....
2025-01-17 20:16:30,508 - auth_token - INFO - paylaod ---- {'email': 'nandhakumarselva2000@gmail.com', 'role': <RoleEnum.user: 'user'>}
2025-01-17 20:16:30,508 - auth_token - INFO - .....creating new token .....
2025-01-17 20:16:30,508 - auth_token - INFO - paylaod ---- {'email': 'nandhakumarselva2000@gmail.com', 'role': <RoleEnum.user: 'user'>}
2025-01-17 20:18:05,022 - auth_token - INFO - Validating token: eyJhbGciOiJIUzI1NiIsInR5cCI6IkpXVCJ9.eyJlbWFpbCI6Im5hbmRoYWt1bWFyc2VsdmEyMDAwQGdtYWlsLmNvbSIsInJvbGUiOiJ1c2VyIiwiZXhwIjoxNzM3MTQyNjIzfQ.saD29MVtInZEw5pZ002ve7DMq3GLooII0o4crrE5Los
2025-01-17 20:18:05,024 - auth_token - INFO - Decoded token: {'email': 'nandhakumarselva2000@gmail.com', 'role': 'user', 'exp': 1737142623}
2025-01-17 20:18:05,031 - auth_token - INFO - Validating token: eyJhbGciOiJIUzI1NiIsInR5cCI6IkpXVCJ9.eyJlbWFpbCI6Im5hbmRoYWt1bWFyc2VsdmEyMDAwQGdtYWlsLmNvbSIsInJvbGUiOiJ1c2VyIiwiZXhwIjoxNzM3MTQyNjIzfQ.saD29MVtInZEw5pZ002ve7DMq3GLooII0o4crrE5Los
2025-01-17 20:18:05,032 - auth_token - INFO - Decoded token: {'email': 'nandhakumarselva2000@gmail.com', 'role': 'user', 'exp': 1737142623}
2025-01-17 20:18:47,811 - auth_token - INFO - Validating token: eyJhbGciOiJIUzI1NiIsInR5cCI6IkpXVCJ9.eyJlbWFpbCI6Im5hbmRoYWt1bWFyc2VsdmEyMDAwQGdtYWlsLmNvbSIsInJvbGUiOiJ1c2VyIiwiZXhwIjoxNzM3MTQyNjIzfQ.saD29MVtInZEw5pZ002ve7DMq3GLooII0o4crrE5Los
2025-01-17 20:18:47,811 - auth_token - INFO - Decoded token: {'email': 'nandhakumarselva2000@gmail.com', 'role': 'user', 'exp': 1737142623}
2025-01-17 20:18:47,812 - auth_token - INFO - Validating token: eyJhbGciOiJIUzI1NiIsInR5cCI6IkpXVCJ9.eyJlbWFpbCI6Im5hbmRoYWt1bWFyc2VsdmEyMDAwQGdtYWlsLmNvbSIsInJvbGUiOiJ1c2VyIiwiZXhwIjoxNzM3MTQyNjIzfQ.saD29MVtInZEw5pZ002ve7DMq3GLooII0o4crrE5Los
2025-01-17 20:18:47,812 - auth_token - INFO - Decoded token: {'email': 'nandhakumarselva2000@gmail.com', 'role': 'user', 'exp': 1737142623}
2025-01-17 20:19:16,310 - auth_token - INFO - .....creating new token .....
2025-01-17 20:19:16,310 - auth_token - INFO - paylaod ---- {'email': 'nandhakumarselva2000@gmail.com', 'role': <RoleEnum.user: 'user'>}
2025-01-17 20:19:16,310 - auth_token - INFO - .....creating new token .....
2025-01-17 20:19:16,310 - auth_token - INFO - paylaod ---- {'email': 'nandhakumarselva2000@gmail.com', 'role': <RoleEnum.user: 'user'>}
