2025-01-16 10:21:31,856 - auth_token - INFO - .....creating new token .....
2025-01-16 10:21:31,856 - auth_token - INFO - paylaod ---- {'email': 'nandhakumarselva2000@gmail.com', 'username': 'nahfbhbfhfhn', 'password': '1234567890', 'confirm_password': '1234567890', 'role': None}
2025-01-16 10:23:59,250 - auth_token - INFO - .....creating new token .....
2025-01-16 10:23:59,250 - auth_token - INFO - paylaod ---- {'email': 'nandhakumarselva2000@gmail.com', 'username': 'nahfbhbfhfhn', 'password': '1234567890', 'confirm_password': '1234567890', 'role': None}
2025-01-16 10:28:11,980 - auth_token - INFO - .....creating new token .....
2025-01-16 10:28:11,980 - auth_token - INFO - paylaod ---- {'email': 'nandhakumarselva2000@gmail.com', 'username': 'nahfbhbfhfhn', 'password': '1234567890', 'confirm_password': '1234567890', 'role': None}
2025-01-16 10:29:59,167 - auth_token - INFO - .....creating new token .....
2025-01-16 10:29:59,167 - auth_token - INFO - paylaod ---- {'email': 'nandhakumarselva2000@gmail.com', 'username': 'nahfbhbfhfhn', 'password': '1234567890', 'confirm_password': '1234567890', 'role': None}
2025-01-16 10:30:30,083 - auth_token - INFO - .....creating new token .....
2025-01-16 10:30:30,084 - auth_token - INFO - paylaod ---- {'email': 'nandhakumarselva2000@gmail.com', 'username': 'nahfbhbfhfhn', 'password': '1234567890', 'confirm_password': '1234567890', 'role': None}
2025-01-16 10:30:31,324 - auth_token - INFO - .....creating new token .....
2025-01-16 10:30:31,324 - auth_token - INFO - paylaod ---- {'email': 'nandhakumarselva2000@gmail.com', 'username': 'nahfbhbfhfhn', 'password': '1234567890', 'confirm_password': '1234567890', 'role': None}
2025-01-16 10:30:55,162 - auth_token - INFO - .....creating new token .....
2025-01-16 10:30:55,162 - auth_token - INFO - paylaod ---- {'email': 'nandhakumarselva2000@gmail.com', 'username': 'nahfbhbfhfhn', 'password': '1234567890', 'confirm_password': '1234567890', 'role': None}
2025-01-16 10:30:56,435 - auth_token - INFO - .....creating new token .....
2025-01-16 10:30:56,435 - auth_token - INFO - paylaod ---- {'email': 'nandhakumarselva2000@gmail.com', 'username': 'nahfbhbfhfhn', 'password': '1234567890', 'confirm_password': '1234567890', 'role': None}
2025-01-16 10:31:52,588 - auth_token - INFO - .....creating new token .....
2025-01-16 10:31:52,588 - auth_token - INFO - paylaod ---- {'email': 'nandhakumarselva2000@gmail.com', 'username': 'nahfbhbfhfhn', 'password': '1234567890', 'confirm_password': '1234567890', 'role': None}
2025-01-16 10:31:54,251 - auth_token - INFO - .....creating new token .....
2025-01-16 10:31:54,251 - auth_token - INFO - paylaod ---- {'email': 'nandhakumarselva2000@gmail.com', 'username': 'nahfbhbfhfhn', 'password': '1234567890', 'confirm_password': '1234567890', 'role': None}
2025-01-16 10:32:03,756 - auth_token - INFO - .....creating new token .....
2025-01-16 10:32:03,756 - auth_token - INFO - paylaod ---- {'email': 'nandhakumarselva2000@gmail.com', 'username': 'nahfbhbfhfhn', 'password': '1234567890', 'confirm_password': '1234567890', 'role': None}
2025-01-16 10:32:38,993 - auth_token - INFO - .....creating new token .....
2025-01-16 10:32:38,993 - auth_token - INFO - paylaod ---- {'email': 'nandhakumarselva2000@gmail.com', 'username': 'nahfbhbfhfhn', 'password': '1234567890', 'confirm_password': '1234567890', 'role': None}
2025-01-16 10:35:31,070 - auth_token - INFO - .....creating new token .....
2025-01-16 10:35:31,071 - auth_token - INFO - paylaod ---- {'email': 'nandhakumarselva2000@gmail.com', 'username': 'nahfbhbfhfhn', 'password': '1234567890', 'confirm_password': '1234567890', 'role': 'user'}
2025-01-16 10:37:09,018 - auth_token - INFO - .....creating new token .....
2025-01-16 10:37:09,019 - auth_token - INFO - paylaod ---- {'email': 'nandhakumarselva2000@gmail.com', 'username': 'nahfbhbfhfhn', 'password': '1234567890', 'confirm_password': '1234567890', 'role': 'user'}
2025-01-16 10:37:16,387 - auth_token - INFO - .....creating new token .....
2025-01-16 10:37:16,387 - auth_token - INFO - paylaod ---- {'email': 'nandhakumarselva2000@gmail.com', 'username': 'nahfbhbfhfhn', 'password': '1234567890', 'confirm_password': '1234567890', 'role': 'user'}
2025-01-16 10:37:17,625 - auth_token - INFO - .....creating new token .....
2025-01-16 10:37:17,625 - auth_token - INFO - paylaod ---- {'email': 'nandhakumarselva2000@gmail.com', 'username': 'nahfbhbfhfhn', 'password': '1234567890', 'confirm_password': '1234567890', 'role': 'user'}
2025-01-16 10:37:18,682 - auth_token - INFO - .....creating new token .....
2025-01-16 10:37:18,682 - auth_token - INFO - paylaod ---- {'email': 'nandhakumarselva2000@gmail.com', 'username': 'nahfbhbfhfhn', 'password': '1234567890', 'confirm_password': '1234567890', 'role': 'user'}
2025-01-16 10:38:00,142 - auth_token - INFO - .....creating new token .....
2025-01-16 10:38:00,143 - auth_token - INFO - paylaod ---- {'email': 'nandhakumarselva2000@gmail.com', 'username': 'nahfbhbfhfhn', 'password': '1234567890', 'confirm_password': '1234567890', 'role': 'user'}
2025-01-16 10:38:16,082 - auth_token - INFO - .....creating new token .....
2025-01-16 10:38:16,082 - auth_token - INFO - paylaod ---- {'email': 'nandhakumarselva2000@gmail.com', 'username': 'nahfbhbfhfhn', 'password': '1234567890', 'confirm_password': '1234567890', 'role': 'user'}
2025-01-16 10:38:17,818 - auth_token - INFO - .....creating new token .....
2025-01-16 10:38:17,818 - auth_token - INFO - paylaod ---- {'email': 'nandhakumarselva2000@gmail.com', 'username': 'nahfbhbfhfhn', 'password': '1234567890', 'confirm_password': '1234567890', 'role': 'user'}
2025-01-16 10:40:01,854 - auth_token - INFO - .....creating new token .....
2025-01-16 10:40:01,855 - auth_token - INFO - paylaod ---- {'email': 'nandhakumarselva2000@gmail.com', 'username': 'nahfbhbfhfhn', 'password': '1234567890', 'confirm_password': '1234567890', 'role': 'user'}
2025-01-16 18:23:06,337 - auth_token - INFO - .....creating new token .....
2025-01-16 18:23:06,338 - auth_token - INFO - paylaod ---- {'email': 'nandhakumarselva2000@gmail.com', 'username': 'nahfbhbfhfhn', 'password': '1234567890', 'confirm_password': '1234567890', 'role': 'user'}
2025-01-16 18:23:06,338 - auth_token - INFO - .....creating new token .....
2025-01-16 18:23:06,338 - auth_token - INFO - paylaod ---- {'email': 'nandhakumarselva2000@gmail.com', 'username': 'nahfbhbfhfhn', 'password': '1234567890', 'confirm_password': '1234567890', 'role': 'user'}
2025-01-16 18:23:09,330 - auth_token - INFO - .....creating new token .....
2025-01-16 18:23:09,330 - auth_token - INFO - paylaod ---- {'email': 'nandhakumarselva2000@gmail.com', 'username': 'nahfbhbfhfhn', 'password': '1234567890', 'confirm_password': '1234567890', 'role': 'user'}
2025-01-16 18:23:09,330 - auth_token - INFO - .....creating new token .....
2025-01-16 18:23:09,330 - auth_token - INFO - paylaod ---- {'email': 'nandhakumarselva2000@gmail.com', 'username': 'nahfbhbfhfhn', 'password': '1234567890', 'confirm_password': '1234567890', 'role': 'user'}
2025-01-16 18:23:10,604 - auth_token - INFO - .....creating new token .....
2025-01-16 18:23:10,604 - auth_token - INFO - paylaod ---- {'email': 'nandhakumarselva2000@gmail.com', 'username': 'nahfbhbfhfhn', 'password': '1234567890', 'confirm_password': '1234567890', 'role': 'user'}
2025-01-16 18:23:10,604 - auth_token - INFO - .....creating new token .....
2025-01-16 18:23:10,604 - auth_token - INFO - paylaod ---- {'email': 'nandhakumarselva2000@gmail.com', 'username': 'nahfbhbfhfhn', 'password': '1234567890', 'confirm_password': '1234567890', 'role': 'user'}
2025-01-16 18:23:11,644 - auth_token - INFO - .....creating new token .....
2025-01-16 18:23:11,645 - auth_token - INFO - paylaod ---- {'email': 'nandhakumarselva2000@gmail.com', 'username': 'nahfbhbfhfhn', 'password': '1234567890', 'confirm_password': '1234567890', 'role': 'user'}
2025-01-16 18:23:11,645 - auth_token - INFO - .....creating new token .....
2025-01-16 18:23:11,645 - auth_token - INFO - paylaod ---- {'email': 'nandhakumarselva2000@gmail.com', 'username': 'nahfbhbfhfhn', 'password': '1234567890', 'confirm_password': '1234567890', 'role': 'user'}
2025-01-16 18:23:12,400 - auth_token - INFO - .....creating new token .....
2025-01-16 18:23:12,400 - auth_token - INFO - paylaod ---- {'email': 'nandhakumarselva2000@gmail.com', 'username': 'nahfbhbfhfhn', 'password': '1234567890', 'confirm_password': '1234567890', 'role': 'user'}
2025-01-16 18:23:12,401 - auth_token - INFO - .....creating new token .....
2025-01-16 18:23:12,401 - auth_token - INFO - paylaod ---- {'email': 'nandhakumarselva2000@gmail.com', 'username': 'nahfbhbfhfhn', 'password': '1234567890', 'confirm_password': '1234567890', 'role': 'user'}
2025-01-16 18:35:31,264 - auth_token - INFO - .....creating new token .....
2025-01-16 18:35:31,264 - auth_token - INFO - paylaod ---- {'email': 'nandhakumarselva2000@gmail.com', 'username': 'nahfbhbfhfhn', 'password': '1234567890', 'confirm_password': '1234567890', 'role': 'user'}
2025-01-16 18:35:31,265 - auth_token - INFO - .....creating new token .....
2025-01-16 18:35:31,265 - auth_token - INFO - paylaod ---- {'email': 'nandhakumarselva2000@gmail.com', 'username': 'nahfbhbfhfhn', 'password': '1234567890', 'confirm_password': '1234567890', 'role': 'user'}
2025-01-16 18:51:57,861 - auth_token - INFO - .....creating new token .....
2025-01-16 18:51:57,861 - auth_token - INFO - paylaod ---- {'email': 'nandhakumarselva2000@gmail.com', 'role': <RoleEnum.user: 'user'>}
2025-01-16 18:51:57,861 - auth_token - INFO - .....creating new token .....
2025-01-16 18:51:57,861 - auth_token - INFO - paylaod ---- {'email': 'nandhakumarselva2000@gmail.com', 'role': <RoleEnum.user: 'user'>}
2025-01-16 18:52:02,482 - auth_token - INFO - .....creating new token .....
2025-01-16 18:52:02,482 - auth_token - INFO - paylaod ---- {'email': 'nandhakumarselva2000@gmail.com', 'role': <RoleEnum.user: 'user'>}
2025-01-16 18:52:02,482 - auth_token - INFO - .....creating new token .....
2025-01-16 18:52:02,482 - auth_token - INFO - paylaod ---- {'email': 'nandhakumarselva2000@gmail.com', 'role': <RoleEnum.user: 'user'>}
2025-01-16 18:52:03,672 - auth_token - INFO - .....creating new token .....
2025-01-16 18:52:03,672 - auth_token - INFO - paylaod ---- {'email': 'nandhakumarselva2000@gmail.com', 'role': <RoleEnum.user: 'user'>}
2025-01-16 18:52:03,672 - auth_token - INFO - .....creating new token .....
2025-01-16 18:52:03,672 - auth_token - INFO - paylaod ---- {'email': 'nandhakumarselva2000@gmail.com', 'role': <RoleEnum.user: 'user'>}
2025-01-16 18:52:05,782 - auth_token - INFO - .....creating new token .....
2025-01-16 18:52:05,782 - auth_token - INFO - paylaod ---- {'email': 'nandhakumarselva2000@gmail.com', 'role': <RoleEnum.user: 'user'>}
2025-01-16 18:52:05,782 - auth_token - INFO - .....creating new token .....
2025-01-16 18:52:05,782 - auth_token - INFO - paylaod ---- {'email': 'nandhakumarselva2000@gmail.com', 'role': <RoleEnum.user: 'user'>}
2025-01-16 18:52:45,471 - auth_token - INFO - .....creating new token .....
2025-01-16 18:52:45,471 - auth_token - INFO - paylaod ---- {'email': 'nandhakumarselva2000@gmail.com', 'role': <RoleEnum.user: 'user'>}
2025-01-16 18:52:45,471 - auth_token - INFO - .....creating new token .....
2025-01-16 18:52:45,471 - auth_token - INFO - paylaod ---- {'email': 'nandhakumarselva2000@gmail.com', 'role': <RoleEnum.user: 'user'>}
2025-01-16 18:52:47,628 - auth_token - INFO - .....creating new token .....
2025-01-16 18:52:47,628 - auth_token - INFO - paylaod ---- {'email': 'nandhakumarselva2000@gmail.com', 'role': <RoleEnum.user: 'user'>}
2025-01-16 18:52:47,628 - auth_token - INFO - .....creating new token .....
2025-01-16 18:52:47,628 - auth_token - INFO - paylaod ---- {'email': 'nandhakumarselva2000@gmail.com', 'role': <RoleEnum.user: 'user'>}
2025-01-16 18:53:05,895 - auth_token - INFO - .....creating new token .....
2025-01-16 18:53:05,896 - auth_token - INFO - paylaod ---- {'email': 'nandhakumarselva2000@gmail.com', 'role': <RoleEnum.user: 'user'>}
2025-01-16 18:53:05,896 - auth_token - INFO - .....creating new token .....
2025-01-16 18:53:05,896 - auth_token - INFO - paylaod ---- {'email': 'nandhakumarselva2000@gmail.com', 'role': <RoleEnum.user: 'user'>}
2025-01-16 18:53:56,009 - auth_token - INFO - .....creating new token .....
2025-01-16 18:53:56,009 - auth_token - INFO - paylaod ---- {'email': 'nandhakumarselva2000@gmail.com', 'role': <RoleEnum.user: 'user'>}
2025-01-16 18:53:56,009 - auth_token - INFO - .....creating new token .....
2025-01-16 18:53:56,010 - auth_token - INFO - paylaod ---- {'email': 'nandhakumarselva2000@gmail.com', 'role': <RoleEnum.user: 'user'>}
2025-01-16 19:12:43,348 - auth_token - INFO - .....creating new token .....
2025-01-16 19:12:43,348 - auth_token - INFO - paylaod ---- {'email': 'nandhakumarselva2000@gmail.com', 'role': <RoleEnum.user: 'user'>}
2025-01-16 19:12:43,348 - auth_token - INFO - .....creating new token .....
2025-01-16 19:12:43,348 - auth_token - INFO - paylaod ---- {'email': 'nandhakumarselva2000@gmail.com', 'role': <RoleEnum.user: 'user'>}
2025-01-16 19:25:15,871 - auth_token - INFO - Validating token: 
2025-01-16 19:25:15,872 - auth_token - ERROR - Invalid token
2025-01-16 19:25:26,321 - auth_token - INFO - Validating token: 
2025-01-16 19:25:26,322 - auth_token - ERROR - Invalid token
2025-01-16 19:25:27,452 - auth_token - INFO - Validating token: 
2025-01-16 19:25:27,452 - auth_token - ERROR - Invalid token
2025-01-16 19:26:40,383 - auth_token - INFO - .....creating new token .....
2025-01-16 19:26:40,383 - auth_token - INFO - paylaod ---- {'email': 'nandhakumarselva2000@gmail.com', 'role': 'user'}
2025-01-16 19:26:40,384 - auth_token - INFO - .....creating new token .....
2025-01-16 19:26:40,384 - auth_token - INFO - paylaod ---- {'email': 'nandhakumarselva2000@gmail.com', 'role': 'user'}
2025-01-16 19:27:13,758 - auth_token - INFO - .....creating new token .....
2025-01-16 19:27:13,758 - auth_token - INFO - paylaod ---- {'email': 'nandhakumarselva2000@gmail.com', 'role': 'user'}
2025-01-16 19:27:13,758 - auth_token - INFO - .....creating new token .....
2025-01-16 19:27:13,759 - auth_token - INFO - paylaod ---- {'email': 'nandhakumarselva2000@gmail.com', 'role': 'user'}
2025-01-16 19:27:24,049 - auth_token - INFO - Validating token: None
2025-01-16 19:27:24,049 - auth_token - ERROR - Invalid token
2025-01-16 19:28:11,302 - auth_token - INFO - .....creating new token .....
2025-01-16 19:28:11,302 - auth_token - INFO - paylaod ---- {'email': 'nandhakumarselva2000@gmail.com', 'role': <RoleEnum.user: 'user'>}
2025-01-16 19:28:58,145 - auth_token - INFO - .....creating new token .....
2025-01-16 19:28:58,145 - auth_token - INFO - paylaod ---- {'email': 'nandhakumarselva2000@gmail.com', 'role': <RoleEnum.user: 'user'>}
2025-01-16 19:29:21,744 - auth_token - INFO - .....creating new token .....
2025-01-16 19:29:21,744 - auth_token - INFO - paylaod ---- {'email': 'nandhakumarselva2000@gmail.com', 'role': <RoleEnum.user: 'user'>}
2025-01-16 19:32:06,869 - auth_token - INFO - .....creating new token .....
2025-01-16 19:32:06,869 - auth_token - INFO - paylaod ---- {'email': 'nandhakumarselva2000@gmail.com', 'role': <RoleEnum.user: 'user'>}
2025-01-16 19:32:21,765 - auth_token - INFO - Validating token: eyJhbGciOiJIUzI1NiIsInR5cCI6IkpXVCJ9.eyJlbWFpbCI6Im5hbmRoYWt1bWFyc2VsdmEyMDAwQGdtYWlsLmNvbSIsInJvbGUiOiJ1c2VyIiwiZXhwIjoxNzM3MDM2NDI2fQ.8YCaCzzXY4rh6YieXfUhtpvZdY3-x5q1OslBhwKUY7w
2025-01-16 19:32:21,765 - auth_token - INFO - Decoded token: {'email': 'nandhakumarselva2000@gmail.com', 'role': 'user', 'exp': 1737036426}
2025-01-16 19:32:21,765 - auth_token - INFO - .....creating new token .....
2025-01-16 19:32:21,765 - auth_token - INFO - paylaod ---- {'email': 'nandhakumarselva2000@gmail.com', 'role': <RoleEnum.user: 'user'>}
2025-01-16 20:03:26,646 - auth_token - INFO - Validating token: cdd
2025-01-16 20:03:26,646 - auth_token - ERROR - Invalid token
2025-01-16 20:04:43,062 - auth_token - INFO - Validating token: cdd
2025-01-16 20:04:43,062 - auth_token - ERROR - Invalid token
2025-01-16 20:04:57,086 - auth_token - INFO - Validating token: eyJhbGciOiJIUzI1NiIsInR5cCI6IkpXVCJ9.eyJlbWFpbCI6Im5hbmRoYWt1bWFyc2VsdmEyMDAwQGdtYWlsLmNvbSIsInJvbGUiOiJ1c2VyIiwiZXhwIjoxNzM3MDM2NDQxfQ.mCUE3pnCz7KgKTMADh_zKtP92rSVBr9MUYgGIHgPGg4
2025-01-16 20:04:57,086 - auth_token - ERROR - Token has expired
2025-01-16 20:05:16,544 - auth_token - INFO - Validating token: eyJhbGciOiJIUzI1NiIsInR5cCI6IkpXVCJ9.eyJlbWFpbCI6Im5hbmRoYWt1bWFyc2VsdmEyMDAwQGdtYWlsLmNvbSIsInJvbGUiOiJ1c2VyIiwiZXhwIjoxNzM3MDM5NDMzfQ.oD69bnD8wmxgGgZUsaJL-8vN2U9o15iQvluw5ZnWePA
2025-01-16 20:05:16,544 - auth_token - INFO - Decoded token: {'email': 'nandhakumarselva2000@gmail.com', 'role': 'user', 'exp': 1737039433}
2025-01-16 20:07:02,515 - auth_token - INFO - Validating token: eyJhbGciOiJIUzI1NiIsInR5cCI6IkpXVCJ9.eyJlbWFpbCI6Im5hbmRoYWt1bWFyc2VsdmEyMDAwQGdtYWlsLmNvbSIsInJvbGUiOiJ1c2VyIiwiZXhwIjoxNzM3MDM5NDMzfQ.oD69bnD8wmxgGgZUsaJL-8vN2U9o15iQvluw5ZnWePA
2025-01-16 20:07:02,516 - auth_token - INFO - Decoded token: {'email': 'nandhakumarselva2000@gmail.com', 'role': 'user', 'exp': 1737039433}
2025-01-16 20:07:02,518 - auth_token - INFO - Validating token: eyJhbGciOiJIUzI1NiIsInR5cCI6IkpXVCJ9.eyJlbWFpbCI6Im5hbmRoYWt1bWFyc2VsdmEyMDAwQGdtYWlsLmNvbSIsInJvbGUiOiJ1c2VyIiwiZXhwIjoxNzM3MDM2NDQxfQ.mCUE3pnCz7KgKTMADh_zKtP92rSVBr9MUYgGIHgPGg4
2025-01-16 20:07:02,518 - auth_token - ERROR - Token has expired
2025-01-16 20:08:36,443 - auth_token - INFO - .....creating new token .....
2025-01-16 20:08:36,443 - auth_token - INFO - paylaod ---- {'email': 'nandhakumarselva2000@gmail.com', 'role': <RoleEnum.user: 'user'>}
2025-01-16 20:08:36,443 - auth_token - INFO - .....creating new token .....
2025-01-16 20:08:36,443 - auth_token - INFO - paylaod ---- {'email': 'nandhakumarselva2000@gmail.com', 'role': <RoleEnum.user: 'user'>}
2025-01-16 20:08:56,967 - auth_token - INFO - Validating token: eyJhbGciOiJIUzI1NiIsInR5cCI6IkpXVCJ9.eyJlbWFpbCI6Im5hbmRoYWt1bWFyc2VsdmEyMDAwQGdtYWlsLmNvbSIsInJvbGUiOiJ1c2VyIiwiZXhwIjoxNzM3MDQxOTE2fQ.sc8YwvwSjlMr3Xp8YijES7b_0Km9iZ-7bgeoREpcPL8
2025-01-16 20:08:56,967 - auth_token - INFO - Decoded token: {'email': 'nandhakumarselva2000@gmail.com', 'role': 'user', 'exp': 1737041916}
2025-01-16 20:08:56,968 - auth_token - INFO - Validating token: eyJhbGciOiJIUzI1NiIsInR5cCI6IkpXVCJ9.eyJlbWFpbCI6Im5hbmRoYWt1bWFyc2VsdmEyMDAwQGdtYWlsLmNvbSIsInJvbGUiOiJ1c2VyIiwiZXhwIjoxNzM3MDM2NDQxfQ.mCUE3pnCz7KgKTMADh_zKtP92rSVBr9MUYgGIHgPGg4
2025-01-16 20:08:56,968 - auth_token - ERROR - Token has expired
2025-01-16 20:11:40,209 - auth_token - INFO - Validating token: eyJhbGciOiJIUzI1NiIsInR5cCI6IkpXVCJ9.eyJlbWFpbCI6Im5hbmRoYWt1bWFyc2VsdmEyMDAwQGdtYWlsLmNvbSIsInJvbGUiOiJ1c2VyIiwiZXhwIjoxNzM3MDQxOTE2fQ.sc8YwvwSjlMr3Xp8YijES7b_0Km9iZ-7bgeoREpcPL8
2025-01-16 20:11:40,210 - auth_token - INFO - Decoded token: {'email': 'nandhakumarselva2000@gmail.com', 'role': 'user', 'exp': 1737041916}
2025-01-16 20:11:40,213 - auth_token - INFO - Validating token: eyJhbGciOiJIUzI1NiIsInR5cCI6IkpXVCJ9.eyJlbWFpbCI6Im5hbmRoYWt1bWFyc2VsdmEyMDAwQGdtYWlsLmNvbSIsInJvbGUiOiJ1c2VyIiwiZXhwIjoxNzM3MDM2NDQxfQ.mCUE3pnCz7KgKTMADh_zKtP92rSVBr9MUYgGIHgPGg4
2025-01-16 20:11:40,213 - auth_token - ERROR - Token has expired
2025-01-16 20:11:41,454 - auth_token - INFO - Validating token: eyJhbGciOiJIUzI1NiIsInR5cCI6IkpXVCJ9.eyJlbWFpbCI6Im5hbmRoYWt1bWFyc2VsdmEyMDAwQGdtYWlsLmNvbSIsInJvbGUiOiJ1c2VyIiwiZXhwIjoxNzM3MDQxOTE2fQ.sc8YwvwSjlMr3Xp8YijES7b_0Km9iZ-7bgeoREpcPL8
2025-01-16 20:11:41,455 - auth_token - INFO - Decoded token: {'email': 'nandhakumarselva2000@gmail.com', 'role': 'user', 'exp': 1737041916}
2025-01-16 20:11:41,455 - auth_token - INFO - Validating token: eyJhbGciOiJIUzI1NiIsInR5cCI6IkpXVCJ9.eyJlbWFpbCI6Im5hbmRoYWt1bWFyc2VsdmEyMDAwQGdtYWlsLmNvbSIsInJvbGUiOiJ1c2VyIiwiZXhwIjoxNzM3MDM2NDQxfQ.mCUE3pnCz7KgKTMADh_zKtP92rSVBr9MUYgGIHgPGg4
2025-01-16 20:11:41,456 - auth_token - ERROR - Token has expired
2025-01-16 20:13:54,090 - auth_token - INFO - Validating token: eyJhbGciOiJIUzI1NiIsInR5cCI6IkpXVCJ9.eyJlbWFpbCI6Im5hbmRoYWt1bWFyc2VsdmEyMDAwQGdtYWlsLmNvbSIsInJvbGUiOiJ1c2VyIiwiZXhwIjoxNzM3MDQxOTE2fQ.sc8YwvwSjlMr3Xp8YijES7b_0Km9iZ-7bgeoREpcPL8
2025-01-16 20:13:54,090 - auth_token - INFO - Decoded token: {'email': 'nandhakumarselva2000@gmail.com', 'role': 'user', 'exp': 1737041916}
2025-01-16 20:13:54,091 - auth_token - INFO - Validating token: eyJhbGciOiJIUzI1NiIsInR5cCI6IkpXVCJ9.eyJlbWFpbCI6Im5hbmRoYWt1bWFyc2VsdmEyMDAwQGdtYWlsLmNvbSIsInJvbGUiOiJ1c2VyIiwiZXhwIjoxNzM3MDM2NDQxfQ.mCUE3pnCz7KgKTMADh_zKtP92rSVBr9MUYgGIHgPGg4
2025-01-16 20:13:54,091 - auth_token - ERROR - Token has expired
2025-01-16 20:13:55,262 - auth_token - INFO - Validating token: eyJhbGciOiJIUzI1NiIsInR5cCI6IkpXVCJ9.eyJlbWFpbCI6Im5hbmRoYWt1bWFyc2VsdmEyMDAwQGdtYWlsLmNvbSIsInJvbGUiOiJ1c2VyIiwiZXhwIjoxNzM3MDQxOTE2fQ.sc8YwvwSjlMr3Xp8YijES7b_0Km9iZ-7bgeoREpcPL8
2025-01-16 20:13:55,262 - auth_token - INFO - Decoded token: {'email': 'nandhakumarselva2000@gmail.com', 'role': 'user', 'exp': 1737041916}
2025-01-16 20:13:55,263 - auth_token - INFO - Validating token: eyJhbGciOiJIUzI1NiIsInR5cCI6IkpXVCJ9.eyJlbWFpbCI6Im5hbmRoYWt1bWFyc2VsdmEyMDAwQGdtYWlsLmNvbSIsInJvbGUiOiJ1c2VyIiwiZXhwIjoxNzM3MDM2NDQxfQ.mCUE3pnCz7KgKTMADh_zKtP92rSVBr9MUYgGIHgPGg4
2025-01-16 20:13:55,263 - auth_token - ERROR - Token has expired
2025-01-16 20:16:34,862 - auth_token - INFO - Validating token: eyJhbGciOiJIUzI1NiIsInR5cCI6IkpXVCJ9.eyJlbWFpbCI6Im5hbmRoYWt1bWFyc2VsdmEyMDAwQGdtYWlsLmNvbSIsInJvbGUiOiJ1c2VyIiwiZXhwIjoxNzM3MDQxOTE2fQ.sc8YwvwSjlMr3Xp8YijES7b_0Km9iZ-7bgeoREpcPL8
2025-01-16 20:16:34,862 - auth_token - INFO - Decoded token: {'email': 'nandhakumarselva2000@gmail.com', 'role': 'user', 'exp': 1737041916}
2025-01-16 20:16:34,864 - auth_token - INFO - Validating token: eyJhbGciOiJIUzI1NiIsInR5cCI6IkpXVCJ9.eyJlbWFpbCI6Im5hbmRoYWt1bWFyc2VsdmEyMDAwQGdtYWlsLmNvbSIsInJvbGUiOiJ1c2VyIiwiZXhwIjoxNzM3MDQxOTE2fQ.sc8YwvwSjlMr3Xp8YijES7b_0Km9iZ-7bgeoREpcPL8
2025-01-16 20:16:34,864 - auth_token - INFO - Decoded token: {'email': 'nandhakumarselva2000@gmail.com', 'role': 'user', 'exp': 1737041916}
2025-01-16 20:24:19,852 - auth_token - INFO - Validating token: eyJhbGciOiJIUzI1NiIsInR5cCI6IkpXVCJ9.eyJlbWFpbCI6Im5hbmRoYWt1bWFyc2VsdmEyMDAwQGdtYWlsLmNvbSIsInJvbGUiOiJ1c2VyIiwiZXhwIjoxNzM3MDQxOTE2fQ.sc8YwvwSjlMr3Xp8YijES7b_0Km9iZ-7bgeoREpcPL8
2025-01-16 20:24:19,852 - auth_token - INFO - Decoded token: {'email': 'nandhakumarselva2000@gmail.com', 'role': 'user', 'exp': 1737041916}
2025-01-16 20:24:19,856 - auth_token - INFO - Validating token: eyJhbGciOiJIUzI1NiIsInR5cCI6IkpXVCJ9.eyJlbWFpbCI6Im5hbmRoYWt1bWFyc2VsdmEyMDAwQGdtYWlsLmNvbSIsInJvbGUiOiJ1c2VyIiwiZXhwIjoxNzM3MDQxOTE2fQ.sc8YwvwSjlMr3Xp8YijES7b_0Km9iZ-7bgeoREpcPL8
2025-01-16 20:24:19,856 - auth_token - INFO - Decoded token: {'email': 'nandhakumarselva2000@gmail.com', 'role': 'user', 'exp': 1737041916}
2025-01-16 20:27:45,129 - auth_token - INFO - Validating token: eyJhbGciOiJIUzI1NiIsInR5cCI6IkpXVCJ9.eyJlbWFpbCI6Im5hbmRoYWt1bWFyc2VsdmEyMDAwQGdtYWlsLmNvbSIsInJvbGUiOiJ1c2VyIiwiZXhwIjoxNzM3MDQxOTE2fQ.sc8YwvwSjlMr3Xp8YijES7b_0Km9iZ-7bgeoREpcPL8
2025-01-16 20:27:45,129 - auth_token - INFO - Decoded token: {'email': 'nandhakumarselva2000@gmail.com', 'role': 'user', 'exp': 1737041916}
2025-01-16 20:27:45,131 - auth_token - INFO - Validating token: eyJhbGciOiJIUzI1NiIsInR5cCI6IkpXVCJ9.eyJlbWFpbCI6Im5hbmRoYWt1bWFyc2VsdmEyMDAwQGdtYWlsLmNvbSIsInJvbGUiOiJ1c2VyIiwiZXhwIjoxNzM3MDQxOTE2fQ.sc8YwvwSjlMr3Xp8YijES7b_0Km9iZ-7bgeoREpcPL8
2025-01-16 20:27:45,132 - auth_token - INFO - Decoded token: {'email': 'nandhakumarselva2000@gmail.com', 'role': 'user', 'exp': 1737041916}
2025-01-16 20:27:47,262 - auth_token - INFO - Validating token: eyJhbGciOiJIUzI1NiIsInR5cCI6IkpXVCJ9.eyJlbWFpbCI6Im5hbmRoYWt1bWFyc2VsdmEyMDAwQGdtYWlsLmNvbSIsInJvbGUiOiJ1c2VyIiwiZXhwIjoxNzM3MDQxOTE2fQ.sc8YwvwSjlMr3Xp8YijES7b_0Km9iZ-7bgeoREpcPL8
2025-01-16 20:27:47,263 - auth_token - INFO - Decoded token: {'email': 'nandhakumarselva2000@gmail.com', 'role': 'user', 'exp': 1737041916}
2025-01-16 20:27:47,264 - auth_token - INFO - Validating token: eyJhbGciOiJIUzI1NiIsInR5cCI6IkpXVCJ9.eyJlbWFpbCI6Im5hbmRoYWt1bWFyc2VsdmEyMDAwQGdtYWlsLmNvbSIsInJvbGUiOiJ1c2VyIiwiZXhwIjoxNzM3MDQxOTE2fQ.sc8YwvwSjlMr3Xp8YijES7b_0Km9iZ-7bgeoREpcPL8
2025-01-16 20:27:47,264 - auth_token - INFO - Decoded token: {'email': 'nandhakumarselva2000@gmail.com', 'role': 'user', 'exp': 1737041916}
2025-01-16 20:27:51,613 - auth_token - INFO - Validating token: eyJhbGciOiJIUzI1NiIsInR5cCI6IkpXVCJ9.eyJlbWFpbCI6Im5hbmRoYWt1bWFyc2VsdmEyMDAwQGdtYWlsLmNvbSIsInJvbGUiOiJ1c2VyIiwiZXhwIjoxNzM3MDQxOTE2fQ.sc8YwvwSjlMr3Xp8YijES7b_0Km9iZ-7bgeoREpcPL8
2025-01-16 20:27:51,614 - auth_token - INFO - Decoded token: {'email': 'nandhakumarselva2000@gmail.com', 'role': 'user', 'exp': 1737041916}
2025-01-16 20:27:51,614 - auth_token - INFO - .....creating new token .....
2025-01-16 20:27:51,614 - auth_token - INFO - paylaod ---- {'email': 'nandhakumarselva2000@gmail.com', 'role': <RoleEnum.user: 'user'>}
