2025-01-17 10:10:26,595 - auth_token - INFO - Validating token: eyJhbGciOiJIUzI1NiIsInR5cCI6IkpXVCJ9.eyJlbWFpbCI6Im5hbmRoYWt1bWFyc2VsdmEyMDAwQGdtYWlsLmNvbSIsInJvbGUiOiJ1c2VyIiwiZXhwIjoxNzM3MDM2NDQxfQ.mCUE3pnCz7KgKTMADh_zKtP92rSVBr9MUYgGIHgPGg4
2025-01-17 10:10:26,595 - auth_token - ERROR - Token has expired
2025-01-17 10:12:25,382 - auth_token - INFO - Validating token: eyJhbGciOiJIUzI1NiIsInR5cCI6IkpXVCJ9.eyJlbWFpbCI6Im5hbmRoYWt1bWFyc2VsdmEyMDAwQGdtYWlsLmNvbSIsInJvbGUiOiJ1c2VyIiwiZXhwIjoxNzM3MDM2NDQxfQ.mCUE3pnCz7KgKTMADh_zKtP92rSVBr9MUYgGIHgPGg4
2025-01-17 10:12:25,382 - auth_token - ERROR - Token has expired
2025-01-17 10:13:54,136 - auth_token - INFO - .....creating new token .....
2025-01-17 10:13:54,136 - auth_token - INFO - paylaod ---- {'email': 'nandhakumarselva2000@gmail.com', 'role': <RoleEnum.user: 'user'>}
2025-01-17 10:16:34,699 - auth_token - INFO - .....creating new token .....
2025-01-17 10:16:34,699 - auth_token - INFO - paylaod ---- {'email': 'nandhakumarselva2000@gmail.com', 'role': <RoleEnum.user: 'user'>}
2025-01-17 10:16:36,334 - auth_token - INFO - .....creating new token .....
2025-01-17 10:16:36,334 - auth_token - INFO - paylaod ---- {'email': 'nandhakumarselva2000@gmail.com', 'role': <RoleEnum.user: 'user'>}
2025-01-17 10:17:30,089 - auth_token - INFO - .....creating new token .....
2025-01-17 10:17:30,090 - auth_token - INFO - paylaod ---- {'email': 'nandhakumarselva2000@gmail.com', 'role': <RoleEnum.user: 'user'>}
2025-01-17 10:17:57,228 - auth_token - INFO - .....creating new token .....
2025-01-17 10:17:57,229 - auth_token - INFO - paylaod ---- {'email': 'nandhakumarselva2000@gmail.com', 'role': <RoleEnum.user: 'user'>}
2025-01-17 10:18:24,138 - auth_token - INFO - .....creating new token .....
2025-01-17 10:18:24,138 - auth_token - INFO - paylaod ---- {'email': 'nandhakumarselva2000@gmail.com', 'role': <RoleEnum.user: 'user'>}
2025-01-17 10:19:39,120 - auth_token - INFO - .....creating new token .....
2025-01-17 10:19:39,121 - auth_token - INFO - paylaod ---- {'email': 'nandhakumarselva2000@gmail.com', 'role': <RoleEnum.user: 'user'>}
2025-01-17 10:19:49,439 - auth_token - INFO - .....creating new token .....
2025-01-17 10:19:49,439 - auth_token - INFO - paylaod ---- {'email': 'nandhakumarselva2000@gmail.com', 'role': <RoleEnum.user: 'user'>}
2025-01-17 10:23:07,873 - auth_token - INFO - .....creating new token .....
2025-01-17 10:23:07,873 - auth_token - INFO - paylaod ---- {'email': 'nandhakumarselva2000@gmail.com', 'role': <RoleEnum.user: 'user'>}
2025-01-17 10:23:23,368 - auth_token - INFO - .....creating new token .....
2025-01-17 10:23:23,368 - auth_token - INFO - paylaod ---- {'email': 'nandhakumarselva2000@gmail.com', 'role': <RoleEnum.user: 'user'>}
2025-01-17 10:24:12,650 - auth_token - INFO - .....creating new token .....
2025-01-17 10:24:12,650 - auth_token - INFO - paylaod ---- {'email': 'nandhakumarselva2000@gmail.com', 'role': <RoleEnum.user: 'user'>}
2025-01-17 10:26:25,726 - auth_token - INFO - .....creating new token .....
2025-01-17 10:26:25,726 - auth_token - INFO - paylaod ---- {'email': 'nandhakumarselva2000@gmail.com', 'role': <RoleEnum.user: 'user'>}
2025-01-17 10:26:46,103 - auth_token - INFO - .....creating new token .....
2025-01-17 10:26:46,103 - auth_token - INFO - paylaod ---- {'email': 'nandhakumarselva2000@gmail.com', 'role': <RoleEnum.user: 'user'>}
2025-01-17 10:27:39,184 - auth_token - INFO - .....creating new token .....
2025-01-17 10:27:39,185 - auth_token - INFO - paylaod ---- {'email': 'nandhakumarselva2000@gmail.com', 'role': <RoleEnum.user: 'user'>}
2025-01-17 10:28:23,789 - auth_token - INFO - .....creating new token .....
2025-01-17 10:28:23,790 - auth_token - INFO - paylaod ---- {'email': 'nandhakumarselva2000@gmail.com', 'role': <RoleEnum.user: 'user'>}
2025-01-17 10:29:09,267 - auth_token - INFO - .....creating new token .....
2025-01-17 10:29:09,267 - auth_token - INFO - paylaod ---- {'email': 'nandhakumarselva2000@gmail.com', 'role': <RoleEnum.user: 'user'>}
2025-01-17 10:29:23,236 - auth_token - INFO - .....creating new token .....
2025-01-17 10:29:23,237 - auth_token - INFO - paylaod ---- {'email': 'nandhakumarselva2000@gmail.com', 'role': <RoleEnum.user: 'user'>}
2025-01-17 10:30:25,493 - auth_token - INFO - .....creating new token .....
2025-01-17 10:30:25,493 - auth_token - INFO - paylaod ---- {'email': 'nandhakumarselva2000@gmail.com', 'role': <RoleEnum.user: 'user'>}
2025-01-17 10:32:15,385 - auth_token - INFO - .....creating new token .....
2025-01-17 10:32:15,385 - auth_token - INFO - paylaod ---- {'email': 'nandhakumarselva2000@gmail.com', 'role': <RoleEnum.user: 'user'>}
2025-01-17 10:32:26,096 - auth_token - INFO - .....creating new token .....
2025-01-17 10:32:26,097 - auth_token - INFO - paylaod ---- {'email': 'nandhakumarselva2000@gmail.com', 'role': <RoleEnum.user: 'user'>}
2025-01-17 10:32:52,660 - auth_token - INFO - .....creating new token .....
2025-01-17 10:32:52,660 - auth_token - INFO - paylaod ---- {'email': 'nandhakumarselva2000@gmail.com', 'role': <RoleEnum.user: 'user'>}
2025-01-17 11:09:27,237 - auth_token - INFO - .....creating new token .....
2025-01-17 11:09:27,238 - auth_token - INFO - paylaod ---- {'email': 'nandhakumarselva2000@gmail.com', 'role': <RoleEnum.user: 'user'>}
2025-01-17 11:10:35,643 - auth_token - INFO - Validating token: eyJhbGciOiJIUzI1NiIsInR5cCI6IkpXVCJ9.eyJlbWFpbCI6Im5hbmRoYWt1bWFyc2VsdmEyMDAwQGdtYWlsLmNvbSIsInJvbGUiOiJ1c2VyIiwiZXhwIjoxNzM3MDkyNjY3fQ.peywbJIGAODxVooyuUmZEmwXpLhns5XJnIvaETTJ22A
2025-01-17 11:10:35,643 - auth_token - INFO - Decoded token: {'email': 'nandhakumarselva2000@gmail.com', 'role': 'user', 'exp': 1737092667}
2025-01-17 11:10:35,645 - auth_token - INFO - Validating token: eyJhbGciOiJIUzI1NiIsInR5cCI6IkpXVCJ9.eyJlbWFpbCI6Im5hbmRoYWt1bWFyc2VsdmEyMDAwQGdtYWlsLmNvbSIsInJvbGUiOiJ1c2VyIiwiZXhwIjoxNzM3MDkyNjY3fQ.peywbJIGAODxVooyuUmZEmwXpLhns5XJnIvaETTJ22A
2025-01-17 11:10:35,645 - auth_token - INFO - Decoded token: {'email': 'nandhakumarselva2000@gmail.com', 'role': 'user', 'exp': 1737092667}
2025-01-17 11:10:40,350 - auth_token - INFO - Validating token: eyJhbGciOiJIUzI1NiIsInR5cCI6IkpXVCJ9.eyJlbWFpbCI6Im5hbmRoYWt1bWFyc2VsdmEyMDAwQGdtYWlsLmNvbSIsInJvbGUiOiJ1c2VyIiwiZXhwIjoxNzM3MDkyNjY3fQ.peywbJIGAODxVooyuUmZEmwXpLhns5XJnIvaETTJ22A
2025-01-17 11:10:40,350 - auth_token - INFO - Decoded token: {'email': 'nandhakumarselva2000@gmail.com', 'role': 'user', 'exp': 1737092667}
2025-01-17 11:10:40,351 - auth_token - INFO - Validating token: eyJhbGciOiJIUzI1NiIsInR5cCI6IkpXVCJ9.eyJlbWFpbCI6Im5hbmRoYWt1bWFyc2VsdmEyMDAwQGdtYWlsLmNvbSIsInJvbGUiOiJ1c2VyIiwiZXhwIjoxNzM3MDkyNjY3fQ.peywbJIGAODxVooyuUmZEmwXpLhns5XJnIvaETTJ22A
2025-01-17 11:10:40,351 - auth_token - INFO - Decoded token: {'email': 'nandhakumarselva2000@gmail.com', 'role': 'user', 'exp': 1737092667}
2025-01-17 11:10:41,628 - auth_token - INFO - Validating token: eyJhbGciOiJIUzI1NiIsInR5cCI6IkpXVCJ9.eyJlbWFpbCI6Im5hbmRoYWt1bWFyc2VsdmEyMDAwQGdtYWlsLmNvbSIsInJvbGUiOiJ1c2VyIiwiZXhwIjoxNzM3MDkyNjY3fQ.peywbJIGAODxVooyuUmZEmwXpLhns5XJnIvaETTJ22A
2025-01-17 11:10:41,628 - auth_token - INFO - Decoded token: {'email': 'nandhakumarselva2000@gmail.com', 'role': 'user', 'exp': 1737092667}
2025-01-17 11:10:41,629 - auth_token - INFO - Validating token: eyJhbGciOiJIUzI1NiIsInR5cCI6IkpXVCJ9.eyJlbWFpbCI6Im5hbmRoYWt1bWFyc2VsdmEyMDAwQGdtYWlsLmNvbSIsInJvbGUiOiJ1c2VyIiwiZXhwIjoxNzM3MDkyNjY3fQ.peywbJIGAODxVooyuUmZEmwXpLhns5XJnIvaETTJ22A
2025-01-17 11:10:41,630 - auth_token - INFO - Decoded token: {'email': 'nandhakumarselva2000@gmail.com', 'role': 'user', 'exp': 1737092667}
2025-01-17 11:11:45,127 - auth_token - INFO - Validating token: eyJhbGciOiJIUzI1NiIsInR5cCI6IkpXVCJ9.eyJlbWFpbCI6Im5hbmRoYWt1bWFyc2VsdmEyMDAwQGdtYWlsLmNvbSIsInJvbGUiOiJ1c2VyIiwiZXhwIjoxNzM3MDkyNjY3fQ.peywbJIGAODxVooyuUmZEmwXpLhns5XJnIvaETTJ22A
2025-01-17 11:11:45,128 - auth_token - INFO - Decoded token: {'email': 'nandhakumarselva2000@gmail.com', 'role': 'user', 'exp': 1737092667}
2025-01-17 11:11:45,131 - auth_token - INFO - Validating token: eyJhbGciOiJIUzI1NiIsInR5cCI6IkpXVCJ9.eyJlbWFpbCI6Im5hbmRoYWt1bWFyc2VsdmEyMDAwQGdtYWlsLmNvbSIsInJvbGUiOiJ1c2VyIiwiZXhwIjoxNzM3MDkyNjY3fQ.peywbJIGAODxVooyuUmZEmwXpLhns5XJnIvaETTJ22A
2025-01-17 11:11:45,132 - auth_token - INFO - Decoded token: {'email': 'nandhakumarselva2000@gmail.com', 'role': 'user', 'exp': 1737092667}
2025-01-17 11:14:39,830 - auth_token - INFO - Validating token: eyJhbGciOiJIUzI1NiIsInR5cCI6IkpXVCJ9.eyJlbWFpbCI6Im5hbmRoYWt1bWFyc2VsdmEyMDAwQGdtYWlsLmNvbSIsInJvbGUiOiJ1c2VyIiwiZXhwIjoxNzM3MDkyNjY3fQ.peywbJIGAODxVooyuUmZEmwXpLhns5XJnIvaETTJ22A
2025-01-17 11:14:39,830 - auth_token - ERROR - Token has expired
2025-01-17 11:15:47,049 - auth_token - INFO - Validating token: eyJhbGciOiJIUzI1NiIsInR5cCI6IkpXVCJ9.eyJlbWFpbCI6Im5hbmRoYWt1bWFyc2VsdmEyMDAwQGdtYWlsLmNvbSIsInJvbGUiOiJ1c2VyIiwiZXhwIjoxNzM3MDkyNjY3fQ.peywbJIGAODxVooyuUmZEmwXpLhns5XJnIvaETTJ22A
2025-01-17 11:15:47,049 - auth_token - ERROR - Token has expired
2025-01-17 11:16:51,852 - auth_token - INFO - Validating token: eyJhbGciOiJIUzI1NiIsInR5cCI6IkpXVCJ9.eyJlbWFpbCI6Im5hbmRoYWt1bWFyc2VsdmEyMDAwQGdtYWlsLmNvbSIsInJvbGUiOiJ1c2VyIiwiZXhwIjoxNzM3MDkyNjY3fQ.peywbJIGAODxVooyuUmZEmwXpLhns5XJnIvaETTJ22A
2025-01-17 11:16:51,852 - auth_token - ERROR - Token has expired
2025-01-17 11:17:26,142 - auth_token - INFO - .....creating new token .....
2025-01-17 11:17:26,142 - auth_token - INFO - paylaod ---- {'email': 'nandhakumarselva2000@gmail.com', 'role': <RoleEnum.user: 'user'>}
2025-01-17 11:17:54,297 - auth_token - INFO - Validating token: eyJhbGciOiJIUzI1NiIsInR5cCI6IkpXVCJ9.eyJlbWFpbCI6Im5hbmRoYWt1bWFyc2VsdmEyMDAwQGdtYWlsLmNvbSIsInJvbGUiOiJ1c2VyIiwiZXhwIjoxNzM3MDkzMTQ2fQ.H2hRVaMB7bFwfpl7_adfN6oNlg0C7aaNxqdAcGxYFGw
2025-01-17 11:17:54,298 - auth_token - INFO - Decoded token: {'email': 'nandhakumarselva2000@gmail.com', 'role': 'user', 'exp': 1737093146}
2025-01-17 11:17:54,298 - auth_token - INFO - Validating token: eyJhbGciOiJIUzI1NiIsInR5cCI6IkpXVCJ9.eyJlbWFpbCI6Im5hbmRoYWt1bWFyc2VsdmEyMDAwQGdtYWlsLmNvbSIsInJvbGUiOiJ1c2VyIiwiZXhwIjoxNzM3MDkzMTQ2fQ.H2hRVaMB7bFwfpl7_adfN6oNlg0C7aaNxqdAcGxYFGw
2025-01-17 11:17:54,299 - auth_token - INFO - Decoded token: {'email': 'nandhakumarselva2000@gmail.com', 'role': 'user', 'exp': 1737093146}
2025-01-17 11:18:04,107 - auth_token - INFO - Validating token: eyJhbGciOiJIUzI1NiIsInR5cCI6IkpXVCJ9.eyJlbWFpbCI6Im5hbmRoYWt1bWFyc2VsdmEyMDAwQGdtYWlsLmNvbSIsInJvbGUiOiJ1c2VyIiwiZXhwIjoxNzM3MDkzMTQ2fQ.H2hRVaMB7bFwfpl7_adfN6oNlg0C7aaNxqdAcGxYFGw
2025-01-17 11:18:04,108 - auth_token - INFO - Decoded token: {'email': 'nandhakumarselva2000@gmail.com', 'role': 'user', 'exp': 1737093146}
2025-01-17 11:18:04,108 - auth_token - INFO - Validating token: eyJhbGciOiJIUzI1NiIsInR5cCI6IkpXVCJ9.eyJlbWFpbCI6Im5hbmRoYWt1bWFyc2VsdmEyMDAwQGdtYWlsLmNvbSIsInJvbGUiOiJ1c2VyIiwiZXhwIjoxNzM3MDkzMTQ2fQ.H2hRVaMB7bFwfpl7_adfN6oNlg0C7aaNxqdAcGxYFGw
2025-01-17 11:18:04,109 - auth_token - INFO - Decoded token: {'email': 'nandhakumarselva2000@gmail.com', 'role': 'user', 'exp': 1737093146}
2025-01-17 11:18:20,142 - auth_token - INFO - .....creating new token .....
2025-01-17 11:18:20,142 - auth_token - INFO - paylaod ---- {'email': 'nandhakumarselva2000@gmail.com', 'role': <RoleEnum.user: 'user'>}
2025-01-17 11:18:20,142 - auth_token - INFO - .....creating new token .....
2025-01-17 11:18:20,142 - auth_token - INFO - paylaod ---- {'email': 'nandhakumarselva2000@gmail.com', 'role': <RoleEnum.user: 'user'>}
2025-01-17 11:36:33,405 - auth_token - INFO - .....creating new token .....
2025-01-17 11:36:33,405 - auth_token - INFO - paylaod ---- {'email': 'nandhakumarselva2000@gmail.com', 'role': 'user'}
2025-01-17 11:36:33,406 - auth_token - INFO - .....creating new token .....
2025-01-17 11:36:33,406 - auth_token - INFO - paylaod ---- {'email': 'nandhakumarselva2000@gmail.com', 'role': 'user'}
2025-01-17 11:36:43,989 - auth_token - INFO - .....creating new token .....
2025-01-17 11:36:43,989 - auth_token - INFO - paylaod ---- {'email': 'nandhakumarselva2000@gmail.com', 'role': <RoleEnum.user: 'user'>}
2025-01-17 11:36:43,989 - auth_token - INFO - .....creating new token .....
2025-01-17 11:36:43,989 - auth_token - INFO - paylaod ---- {'email': 'nandhakumarselva2000@gmail.com', 'role': <RoleEnum.user: 'user'>}
